# QEMU configure log 一  9月  7 16:25:13 CST 2015
# Configured with: './configure' '--target-list=arm-softmmu' '--prefix=/home/josh/Downloads/Qemu/'
#
gcc -D_GNU_SOURCE -D_FILE_OFFSET_BITS=64 -D_LARGEFILE_SOURCE -Wstrict-prototypes -Wredundant-decls -Wall -Wundef -Wwrite-strings -Wmissing-prototypes -fno-strict-aliasing -c -o /tmp/qemu-conf--23240-.o /tmp/qemu-conf--23240-.c
gcc -D_GNU_SOURCE -D_FILE_OFFSET_BITS=64 -D_LARGEFILE_SOURCE -Wstrict-prototypes -Wredundant-decls -Wall -Wundef -Wwrite-strings -Wmissing-prototypes -fno-strict-aliasing -c -o /tmp/qemu-conf--23240-.o /tmp/qemu-conf--23240-.c
/tmp/qemu-conf--23240-.c:2:2: error: #error __i386__ not defined
 #error __i386__ not defined
  ^
gcc -D_GNU_SOURCE -D_FILE_OFFSET_BITS=64 -D_LARGEFILE_SOURCE -Wstrict-prototypes -Wredundant-decls -Wall -Wundef -Wwrite-strings -Wmissing-prototypes -fno-strict-aliasing -c -o /tmp/qemu-conf--23240-.o /tmp/qemu-conf--23240-.c
gcc -m64 -D_GNU_SOURCE -D_FILE_OFFSET_BITS=64 -D_LARGEFILE_SOURCE -Wstrict-prototypes -Wredundant-decls -Wall -Wundef -Wwrite-strings -Wmissing-prototypes -fno-strict-aliasing -c -o /tmp/qemu-conf--23240-.o /tmp/qemu-conf--23240-.c
gcc -m64 -D_GNU_SOURCE -D_FILE_OFFSET_BITS=64 -D_LARGEFILE_SOURCE -Wstrict-prototypes -Wredundant-decls -Wall -Wundef -Wwrite-strings -Wmissing-prototypes -fno-strict-aliasing -Werror -Winitializer-overrides -o /tmp/qemu-conf--23240-.exe /tmp/qemu-conf--23240-.c -m64 -g
gcc: error: unrecognized command line option ‘-Winitializer-overrides’
gcc -m64 -D_GNU_SOURCE -D_FILE_OFFSET_BITS=64 -D_LARGEFILE_SOURCE -Wstrict-prototypes -Wredundant-decls -Wall -Wundef -Wwrite-strings -Wmissing-prototypes -fno-strict-aliasing -Werror -fstack-protector-all -o /tmp/qemu-conf--23240-.exe /tmp/qemu-conf--23240-.c -m64 -g
gcc -m64 -D_GNU_SOURCE -D_FILE_OFFSET_BITS=64 -D_LARGEFILE_SOURCE -Wstrict-prototypes -Wredundant-decls -Wall -Wundef -Wwrite-strings -Wmissing-prototypes -fno-strict-aliasing -fstack-protector-all -Werror -Wendif-labels -o /tmp/qemu-conf--23240-.exe /tmp/qemu-conf--23240-.c -m64 -g
gcc -m64 -D_GNU_SOURCE -D_FILE_OFFSET_BITS=64 -D_LARGEFILE_SOURCE -Wstrict-prototypes -Wredundant-decls -Wall -Wundef -Wwrite-strings -Wmissing-prototypes -fno-strict-aliasing -fstack-protector-all -Wendif-labels -Werror -Wmissing-include-dirs -o /tmp/qemu-conf--23240-.exe /tmp/qemu-conf--23240-.c -m64 -g
gcc -m64 -D_GNU_SOURCE -D_FILE_OFFSET_BITS=64 -D_LARGEFILE_SOURCE -Wstrict-prototypes -Wredundant-decls -Wall -Wundef -Wwrite-strings -Wmissing-prototypes -fno-strict-aliasing -fstack-protector-all -Wendif-labels -Wmissing-include-dirs -Werror -Wempty-body -o /tmp/qemu-conf--23240-.exe /tmp/qemu-conf--23240-.c -m64 -g
gcc -m64 -D_GNU_SOURCE -D_FILE_OFFSET_BITS=64 -D_LARGEFILE_SOURCE -Wstrict-prototypes -Wredundant-decls -Wall -Wundef -Wwrite-strings -Wmissing-prototypes -fno-strict-aliasing -fstack-protector-all -Wendif-labels -Wmissing-include-dirs -Wempty-body -Werror -Wnested-externs -o /tmp/qemu-conf--23240-.exe /tmp/qemu-conf--23240-.c -m64 -g
gcc -m64 -D_GNU_SOURCE -D_FILE_OFFSET_BITS=64 -D_LARGEFILE_SOURCE -Wstrict-prototypes -Wredundant-decls -Wall -Wundef -Wwrite-strings -Wmissing-prototypes -fno-strict-aliasing -fstack-protector-all -Wendif-labels -Wmissing-include-dirs -Wempty-body -Wnested-externs -Werror -Wformat-security -o /tmp/qemu-conf--23240-.exe /tmp/qemu-conf--23240-.c -m64 -g
gcc -m64 -D_GNU_SOURCE -D_FILE_OFFSET_BITS=64 -D_LARGEFILE_SOURCE -Wstrict-prototypes -Wredundant-decls -Wall -Wundef -Wwrite-strings -Wmissing-prototypes -fno-strict-aliasing -fstack-protector-all -Wendif-labels -Wmissing-include-dirs -Wempty-body -Wnested-externs -Wformat-security -Werror -Wformat-y2k -o /tmp/qemu-conf--23240-.exe /tmp/qemu-conf--23240-.c -m64 -g
gcc -m64 -D_GNU_SOURCE -D_FILE_OFFSET_BITS=64 -D_LARGEFILE_SOURCE -Wstrict-prototypes -Wredundant-decls -Wall -Wundef -Wwrite-strings -Wmissing-prototypes -fno-strict-aliasing -fstack-protector-all -Wendif-labels -Wmissing-include-dirs -Wempty-body -Wnested-externs -Wformat-security -Wformat-y2k -Werror -Winit-self -o /tmp/qemu-conf--23240-.exe /tmp/qemu-conf--23240-.c -m64 -g
gcc -m64 -D_GNU_SOURCE -D_FILE_OFFSET_BITS=64 -D_LARGEFILE_SOURCE -Wstrict-prototypes -Wredundant-decls -Wall -Wundef -Wwrite-strings -Wmissing-prototypes -fno-strict-aliasing -fstack-protector-all -Wendif-labels -Wmissing-include-dirs -Wempty-body -Wnested-externs -Wformat-security -Wformat-y2k -Winit-self -Werror -Wignored-qualifiers -o /tmp/qemu-conf--23240-.exe /tmp/qemu-conf--23240-.c -m64 -g
gcc -m64 -D_GNU_SOURCE -D_FILE_OFFSET_BITS=64 -D_LARGEFILE_SOURCE -Wstrict-prototypes -Wredundant-decls -Wall -Wundef -Wwrite-strings -Wmissing-prototypes -fno-strict-aliasing -fstack-protector-all -Wendif-labels -Wmissing-include-dirs -Wempty-body -Wnested-externs -Wformat-security -Wformat-y2k -Winit-self -Wignored-qualifiers -Werror -Wold-style-declaration -o /tmp/qemu-conf--23240-.exe /tmp/qemu-conf--23240-.c -m64 -g
gcc -m64 -D_GNU_SOURCE -D_FILE_OFFSET_BITS=64 -D_LARGEFILE_SOURCE -Wstrict-prototypes -Wredundant-decls -Wall -Wundef -Wwrite-strings -Wmissing-prototypes -fno-strict-aliasing -fstack-protector-all -Wendif-labels -Wmissing-include-dirs -Wempty-body -Wnested-externs -Wformat-security -Wformat-y2k -Winit-self -Wignored-qualifiers -Wold-style-declaration -Werror -Wold-style-definition -o /tmp/qemu-conf--23240-.exe /tmp/qemu-conf--23240-.c -m64 -g
gcc -m64 -D_GNU_SOURCE -D_FILE_OFFSET_BITS=64 -D_LARGEFILE_SOURCE -Wstrict-prototypes -Wredundant-decls -Wall -Wundef -Wwrite-strings -Wmissing-prototypes -fno-strict-aliasing -fstack-protector-all -Wendif-labels -Wmissing-include-dirs -Wempty-body -Wnested-externs -Wformat-security -Wformat-y2k -Winit-self -Wignored-qualifiers -Wold-style-declaration -Wold-style-definition -Werror -Wtype-limits -o /tmp/qemu-conf--23240-.exe /tmp/qemu-conf--23240-.c -m64 -g
gcc -m64 -D_GNU_SOURCE -D_FILE_OFFSET_BITS=64 -D_LARGEFILE_SOURCE -Wstrict-prototypes -Wredundant-decls -Wall -Wundef -Wwrite-strings -Wmissing-prototypes -fno-strict-aliasing -fstack-protector-all -Wendif-labels -Wmissing-include-dirs -Wempty-body -Wnested-externs -Wformat-security -Wformat-y2k -Winit-self -Wignored-qualifiers -Wold-style-declaration -Wold-style-definition -Wtype-limits -Werror -fno-gcse -o /tmp/qemu-conf--23240-.exe /tmp/qemu-conf--23240-.c -m64 -g
/tmp/qemu-conf--23240-.c:4:2: error: #error No bug in this compiler.
 #error No bug in this compiler.
  ^
gcc -m64 -D_GNU_SOURCE -D_FILE_OFFSET_BITS=64 -D_LARGEFILE_SOURCE -Wstrict-prototypes -Wredundant-decls -Wall -Wundef -Wwrite-strings -Wmissing-prototypes -fno-strict-aliasing -fstack-protector-all -Wendif-labels -Wmissing-include-dirs -Wempty-body -Wnested-externs -Wformat-security -Wformat-y2k -Winit-self -Wignored-qualifiers -Wold-style-declaration -Wold-style-definition -Wtype-limits -fPIE -DPIE -o /tmp/qemu-conf--23240-.exe /tmp/qemu-conf--23240-.c -m64 -g -pie
gcc -fPIE -DPIE -m64 -D_GNU_SOURCE -D_FILE_OFFSET_BITS=64 -D_LARGEFILE_SOURCE -Wstrict-prototypes -Wredundant-decls -Wall -Wundef -Wwrite-strings -Wmissing-prototypes -fno-strict-aliasing -fstack-protector-all -Wendif-labels -Wmissing-include-dirs -Wempty-body -Wnested-externs -Wformat-security -Wformat-y2k -Winit-self -Wignored-qualifiers -Wold-style-declaration -Wold-style-definition -Wtype-limits -o /tmp/qemu-conf--23240-.exe /tmp/qemu-conf--23240-.c -pie -m64 -g -Wl,-z,relro -Wl,-z,now
gcc -fPIE -DPIE -m64 -D_GNU_SOURCE -D_FILE_OFFSET_BITS=64 -D_LARGEFILE_SOURCE -Wstrict-prototypes -Wredundant-decls -Wall -Wundef -Wwrite-strings -Wmissing-prototypes -fno-strict-aliasing -fstack-protector-all -Wendif-labels -Wmissing-include-dirs -Wempty-body -Wnested-externs -Wformat-security -Wformat-y2k -Winit-self -Wignored-qualifiers -Wold-style-declaration -Wold-style-definition -Wtype-limits -o /tmp/qemu-conf--23240-.exe /tmp/qemu-conf--23240-.c -Wl,-z,relro -Wl,-z,now -pie -m64 -g
gcc -fPIE -DPIE -m64 -D_GNU_SOURCE -D_FILE_OFFSET_BITS=64 -D_LARGEFILE_SOURCE -Wstrict-prototypes -Wredundant-decls -Wall -Wundef -Wwrite-strings -Wmissing-prototypes -fno-strict-aliasing -fstack-protector-all -Wendif-labels -Wmissing-include-dirs -Wempty-body -Wnested-externs -Wformat-security -Wformat-y2k -Winit-self -Wignored-qualifiers -Wold-style-declaration -Wold-style-definition -Wtype-limits -c -o /tmp/qemu-conf--23240-.o /tmp/qemu-conf--23240-.c
gcc -fPIE -DPIE -m64 -D_GNU_SOURCE -D_FILE_OFFSET_BITS=64 -D_LARGEFILE_SOURCE -Wstrict-prototypes -Wredundant-decls -Wall -Wundef -Wwrite-strings -Wmissing-prototypes -fno-strict-aliasing -fstack-protector-all -Wendif-labels -Wmissing-include-dirs -Wempty-body -Wnested-externs -Wformat-security -Wformat-y2k -Winit-self -Wignored-qualifiers -Wold-style-declaration -Wold-style-definition -Wtype-limits -o /tmp/qemu-conf--23240-.exe /tmp/qemu-conf--23240-.c -Wl,-z,relro -Wl,-z,now -pie -m64 -g -lz
gcc -fPIE -DPIE -m64 -D_GNU_SOURCE -D_FILE_OFFSET_BITS=64 -D_LARGEFILE_SOURCE -Wstrict-prototypes -Wredundant-decls -Wall -Wundef -Wwrite-strings -Wmissing-prototypes -fno-strict-aliasing -fstack-protector-all -Wendif-labels -Wmissing-include-dirs -Wempty-body -Wnested-externs -Wformat-security -Wformat-y2k -Winit-self -Wignored-qualifiers -Wold-style-declaration -Wold-style-definition -Wtype-limits -o /tmp/qemu-conf--23240-.exe /tmp/qemu-conf--23240-.c -Wl,-z,relro -Wl,-z,now -pie -m64 -g -lxenstore -lxenctrl -lxenguest
/tmp/qemu-conf--23240-.c:1:21: fatal error: xenctrl.h: 沒有此一檔案或目錄
 #include <xenctrl.h>
                     ^
compilation terminated.
gcc -fPIE -DPIE -m64 -D_GNU_SOURCE -D_FILE_OFFSET_BITS=64 -D_LARGEFILE_SOURCE -Wstrict-prototypes -Wredundant-decls -Wall -Wundef -Wwrite-strings -Wmissing-prototypes -fno-strict-aliasing -fstack-protector-all -Wendif-labels -Wmissing-include-dirs -Wempty-body -Wnested-externs -Wformat-security -Wformat-y2k -Winit-self -Wignored-qualifiers -Wold-style-declaration -Wold-style-definition -Wtype-limits -D_GNU_SOURCE=1 -D_REENTRANT -I/usr/include/SDL -o /tmp/qemu-conf--23240-.exe /tmp/qemu-conf--23240-.c -Wl,-z,relro -Wl,-z,now -pie -m64 -g -lSDL
gcc -fPIE -DPIE -m64 -D_GNU_SOURCE -D_FILE_OFFSET_BITS=64 -D_LARGEFILE_SOURCE -Wstrict-prototypes -Wredundant-decls -Wall -Wundef -Wwrite-strings -Wmissing-prototypes -fno-strict-aliasing -fstack-protector-all -Wendif-labels -Wmissing-include-dirs -Wempty-body -Wnested-externs -Wformat-security -Wformat-y2k -Winit-self -Wignored-qualifiers -Wold-style-declaration -Wold-style-definition -Wtype-limits -D_GNU_SOURCE=1 -D_REENTRANT -I/usr/include/SDL -o /tmp/qemu-conf--23240-.exe /tmp/qemu-conf--23240-.c -Wl,-z,relro -Wl,-z,now -pie -m64 -g -lSDL
gcc -fPIE -DPIE -m64 -D_GNU_SOURCE -D_FILE_OFFSET_BITS=64 -D_LARGEFILE_SOURCE -Wstrict-prototypes -Wredundant-decls -Wall -Wundef -Wwrite-strings -Wmissing-prototypes -fno-strict-aliasing -fstack-protector-all -Wendif-labels -Wmissing-include-dirs -Wempty-body -Wnested-externs -Wformat-security -Wformat-y2k -Winit-self -Wignored-qualifiers -Wold-style-declaration -Wold-style-definition -Wtype-limits -o /tmp/qemu-conf--23240-.exe /tmp/qemu-conf--23240-.c -Wl,-z,relro -Wl,-z,now -pie -m64 -g
/tmp/qemu-conf--23240-.c:1:27: fatal error: gnutls/gnutls.h: 沒有此一檔案或目錄
 #include <gnutls/gnutls.h>
                           ^
compilation terminated.
gcc -fPIE -DPIE -m64 -D_GNU_SOURCE -D_FILE_OFFSET_BITS=64 -D_LARGEFILE_SOURCE -Wstrict-prototypes -Wredundant-decls -Wall -Wundef -Wwrite-strings -Wmissing-prototypes -fno-strict-aliasing -fstack-protector-all -Wendif-labels -Wmissing-include-dirs -Wempty-body -Wnested-externs -Wformat-security -Wformat-y2k -Winit-self -Wignored-qualifiers -Wold-style-declaration -Wold-style-definition -Wtype-limits -o /tmp/qemu-conf--23240-.exe /tmp/qemu-conf--23240-.c -Wl,-z,relro -Wl,-z,now -pie -m64 -g -lsasl2
/tmp/qemu-conf--23240-.c:1:23: fatal error: sasl/sasl.h: 沒有此一檔案或目錄
 #include <sasl/sasl.h>
                       ^
compilation terminated.
gcc -fPIE -DPIE -m64 -D_GNU_SOURCE -D_FILE_OFFSET_BITS=64 -D_LARGEFILE_SOURCE -Wstrict-prototypes -Wredundant-decls -Wall -Wundef -Wwrite-strings -Wmissing-prototypes -fno-strict-aliasing -fstack-protector-all -Wendif-labels -Wmissing-include-dirs -Wempty-body -Wnested-externs -Wformat-security -Wformat-y2k -Winit-self -Wignored-qualifiers -Wold-style-declaration -Wold-style-definition -Wtype-limits -o /tmp/qemu-conf--23240-.exe /tmp/qemu-conf--23240-.c -Wl,-z,relro -Wl,-z,now -pie -m64 -g -ljpeg
/tmp/qemu-conf--23240-.c:2:21: fatal error: jpeglib.h: 沒有此一檔案或目錄
 #include <jpeglib.h>
                     ^
compilation terminated.
gcc -fPIE -DPIE -m64 -D_GNU_SOURCE -D_FILE_OFFSET_BITS=64 -D_LARGEFILE_SOURCE -Wstrict-prototypes -Wredundant-decls -Wall -Wundef -Wwrite-strings -Wmissing-prototypes -fno-strict-aliasing -fstack-protector-all -Wendif-labels -Wmissing-include-dirs -Wempty-body -Wnested-externs -Wformat-security -Wformat-y2k -Winit-self -Wignored-qualifiers -Wold-style-declaration -Wold-style-definition -Wtype-limits -I/usr/include/libpng12 -o /tmp/qemu-conf--23240-.exe /tmp/qemu-conf--23240-.c -Wl,-z,relro -Wl,-z,now -pie -m64 -g -lpng12
gcc -fPIE -DPIE -m64 -D_GNU_SOURCE -D_FILE_OFFSET_BITS=64 -D_LARGEFILE_SOURCE -Wstrict-prototypes -Wredundant-decls -Wall -Wundef -Wwrite-strings -Wmissing-prototypes -fno-strict-aliasing -fstack-protector-all -Wendif-labels -Wmissing-include-dirs -Wempty-body -Wnested-externs -Wformat-security -Wformat-y2k -Winit-self -Wignored-qualifiers -Wold-style-declaration -Wold-style-definition -Wtype-limits -I/usr/include/libpng12 -o /tmp/qemu-conf--23240-.exe /tmp/qemu-conf--23240-.c -Wl,-z,relro -Wl,-z,now -pie -m64 -g
gcc -fPIE -DPIE -m64 -D_GNU_SOURCE -D_FILE_OFFSET_BITS=64 -D_LARGEFILE_SOURCE -Wstrict-prototypes -Wredundant-decls -Wall -Wundef -Wwrite-strings -Wmissing-prototypes -fno-strict-aliasing -fstack-protector-all -Wendif-labels -Wmissing-include-dirs -Wempty-body -Wnested-externs -Wformat-security -Wformat-y2k -Winit-self -Wignored-qualifiers -Wold-style-declaration -Wold-style-definition -Wtype-limits -I/usr/include/libpng12 -o /tmp/qemu-conf--23240-.exe /tmp/qemu-conf--23240-.c -Wl,-z,relro -Wl,-z,now -pie -m64 -g -luuid
/tmp/qemu-conf--23240-.c:1:23: fatal error: uuid/uuid.h: 沒有此一檔案或目錄
 #include <uuid/uuid.h>
                       ^
compilation terminated.
gcc -fPIE -DPIE -m64 -D_GNU_SOURCE -D_FILE_OFFSET_BITS=64 -D_LARGEFILE_SOURCE -Wstrict-prototypes -Wredundant-decls -Wall -Wundef -Wwrite-strings -Wmissing-prototypes -fno-strict-aliasing -fstack-protector-all -Wendif-labels -Wmissing-include-dirs -Wempty-body -Wnested-externs -Wformat-security -Wformat-y2k -Winit-self -Wignored-qualifiers -Wold-style-declaration -Wold-style-definition -Wtype-limits -I/usr/include/libpng12 -o /tmp/qemu-conf--23240-.exe /tmp/qemu-conf--23240-.c -Wl,-z,relro -Wl,-z,now -pie -m64 -g
/tmp/qemu-conf--23240-.c:2:21: fatal error: xfs/xfs.h: 沒有此一檔案或目錄
 #include <xfs/xfs.h>
                     ^
compilation terminated.
gcc -fPIE -DPIE -m64 -D_GNU_SOURCE -D_FILE_OFFSET_BITS=64 -D_LARGEFILE_SOURCE -Wstrict-prototypes -Wredundant-decls -Wall -Wundef -Wwrite-strings -Wmissing-prototypes -fno-strict-aliasing -fstack-protector-all -Wendif-labels -Wmissing-include-dirs -Wempty-body -Wnested-externs -Wformat-security -Wformat-y2k -Winit-self -Wignored-qualifiers -Wold-style-declaration -Wold-style-definition -Wtype-limits -I/usr/include/libpng12 -o /tmp/qemu-conf--23240-.exe /tmp/qemu-conf--23240-.c -Wl,-z,relro -Wl,-z,now -pie -m64 -g -lvdeplug
/tmp/qemu-conf--23240-.c:1:24: fatal error: libvdeplug.h: 沒有此一檔案或目錄
 #include <libvdeplug.h>
                        ^
compilation terminated.
gcc -fPIE -DPIE -m64 -D_GNU_SOURCE -D_FILE_OFFSET_BITS=64 -D_LARGEFILE_SOURCE -Wstrict-prototypes -Wredundant-decls -Wall -Wundef -Wwrite-strings -Wmissing-prototypes -fno-strict-aliasing -fstack-protector-all -Wendif-labels -Wmissing-include-dirs -Wempty-body -Wnested-externs -Wformat-security -Wformat-y2k -Winit-self -Wignored-qualifiers -Wold-style-declaration -Wold-style-definition -Wtype-limits -I/usr/include/libpng12 -o /tmp/qemu-conf--23240-.exe /tmp/qemu-conf--23240-.c -Wl,-z,relro -Wl,-z,now -pie -m64 -g -lcap-ng
/tmp/qemu-conf--23240-.c:1:20: fatal error: cap-ng.h: 沒有此一檔案或目錄
 #include <cap-ng.h>
                    ^
compilation terminated.
gcc -fPIE -DPIE -m64 -D_GNU_SOURCE -D_FILE_OFFSET_BITS=64 -D_LARGEFILE_SOURCE -Wstrict-prototypes -Wredundant-decls -Wall -Wundef -Wwrite-strings -Wmissing-prototypes -fno-strict-aliasing -fstack-protector-all -Wendif-labels -Wmissing-include-dirs -Wempty-body -Wnested-externs -Wformat-security -Wformat-y2k -Winit-self -Wignored-qualifiers -Wold-style-declaration -Wold-style-definition -Wtype-limits -I/usr/include/libpng12 -o /tmp/qemu-conf--23240-.exe /tmp/qemu-conf--23240-.c -Wl,-z,relro -Wl,-z,now -pie -m64 -g -lbrlapi
/tmp/qemu-conf--23240-.c:1:20: fatal error: brlapi.h: 沒有此一檔案或目錄
 #include <brlapi.h>
                    ^
compilation terminated.
gcc -fPIE -DPIE -m64 -D_GNU_SOURCE -D_FILE_OFFSET_BITS=64 -D_LARGEFILE_SOURCE -Wstrict-prototypes -Wredundant-decls -Wall -Wundef -Wwrite-strings -Wmissing-prototypes -fno-strict-aliasing -fstack-protector-all -Wendif-labels -Wmissing-include-dirs -Wempty-body -Wnested-externs -Wformat-security -Wformat-y2k -Winit-self -Wignored-qualifiers -Wold-style-declaration -Wold-style-definition -Wtype-limits -I/usr/include/libpng12 -o /tmp/qemu-conf--23240-.exe /tmp/qemu-conf--23240-.c -Wl,-z,relro -Wl,-z,now -pie -m64 -g -lncurses
gcc -fPIE -DPIE -m64 -D_GNU_SOURCE -D_FILE_OFFSET_BITS=64 -D_LARGEFILE_SOURCE -Wstrict-prototypes -Wredundant-decls -Wall -Wundef -Wwrite-strings -Wmissing-prototypes -fno-strict-aliasing -fstack-protector-all -Wendif-labels -Wmissing-include-dirs -Wempty-body -Wnested-externs -Wformat-security -Wformat-y2k -Winit-self -Wignored-qualifiers -Wold-style-declaration -Wold-style-definition -Wtype-limits -I/usr/include/libpng12 -o /tmp/qemu-conf--23240-.exe /tmp/qemu-conf--23240-.c -Wl,-z,relro -Wl,-z,now -pie -m64 -g
/tmp/qemu-conf--23240-.c:1:23: fatal error: curl/curl.h: 沒有此一檔案或目錄
 #include <curl/curl.h>
                       ^
compilation terminated.
gcc -fPIE -DPIE -m64 -D_GNU_SOURCE -D_FILE_OFFSET_BITS=64 -D_LARGEFILE_SOURCE -Wstrict-prototypes -Wredundant-decls -Wall -Wundef -Wwrite-strings -Wmissing-prototypes -fno-strict-aliasing -fstack-protector-all -Wendif-labels -Wmissing-include-dirs -Wempty-body -Wnested-externs -Wformat-security -Wformat-y2k -Winit-self -Wignored-qualifiers -Wold-style-declaration -Wold-style-definition -Wtype-limits -I/usr/include/libpng12 -o /tmp/qemu-conf--23240-.exe /tmp/qemu-conf--23240-.c -Wl,-z,relro -Wl,-z,now -pie -m64 -g
/tmp/qemu-conf--23240-.c:1:33: fatal error: bluetooth/bluetooth.h: 沒有此一檔案或目錄
 #include <bluetooth/bluetooth.h>
                                 ^
compilation terminated.
gcc -fPIE -DPIE -m64 -D_GNU_SOURCE -D_FILE_OFFSET_BITS=64 -D_LARGEFILE_SOURCE -Wstrict-prototypes -Wredundant-decls -Wall -Wundef -Wwrite-strings -Wmissing-prototypes -fno-strict-aliasing -fstack-protector-all -Wendif-labels -Wmissing-include-dirs -Wempty-body -Wnested-externs -Wformat-security -Wformat-y2k -Winit-self -Wignored-qualifiers -Wold-style-declaration -Wold-style-definition -Wtype-limits -I/usr/include/libpng12 -o /tmp/qemu-conf--23240-.exe /tmp/qemu-conf--23240-.c -Wl,-z,relro -Wl,-z,now -pie -m64 -g -lcap
/tmp/qemu-conf--23240-.c:2:28: fatal error: sys/capability.h: 沒有此一檔案或目錄
 #include <sys/capability.h>
                            ^
compilation terminated.
gcc -fPIE -DPIE -m64 -D_GNU_SOURCE -D_FILE_OFFSET_BITS=64 -D_LARGEFILE_SOURCE -Wstrict-prototypes -Wredundant-decls -Wall -Wundef -Wwrite-strings -Wmissing-prototypes -fno-strict-aliasing -fstack-protector-all -Wendif-labels -Wmissing-include-dirs -Wempty-body -Wnested-externs -Wformat-security -Wformat-y2k -Winit-self -Wignored-qualifiers -Wold-style-declaration -Wold-style-definition -Wtype-limits -I/usr/include/libpng12 -o /tmp/qemu-conf--23240-.exe /tmp/qemu-conf--23240-.c -Wl,-z,relro -Wl,-z,now -pie -m64 -g
/tmp/ccxPiQXN.o: In function `main':
/tmp/qemu-conf--23240-.c:5: 未定義參考到「pthread_create」
collect2: error: ld returned 1 exit status
gcc -fPIE -DPIE -m64 -D_GNU_SOURCE -D_FILE_OFFSET_BITS=64 -D_LARGEFILE_SOURCE -Wstrict-prototypes -Wredundant-decls -Wall -Wundef -Wwrite-strings -Wmissing-prototypes -fno-strict-aliasing -fstack-protector-all -Wendif-labels -Wmissing-include-dirs -Wempty-body -Wnested-externs -Wformat-security -Wformat-y2k -Winit-self -Wignored-qualifiers -Wold-style-declaration -Wold-style-definition -Wtype-limits -I/usr/include/libpng12 -o /tmp/qemu-conf--23240-.exe /tmp/qemu-conf--23240-.c -Wl,-z,relro -Wl,-z,now -pie -m64 -g -pthread
gcc -fPIE -DPIE -m64 -D_GNU_SOURCE -D_FILE_OFFSET_BITS=64 -D_LARGEFILE_SOURCE -Wstrict-prototypes -Wredundant-decls -Wall -Wundef -Wwrite-strings -Wmissing-prototypes -fno-strict-aliasing -fstack-protector-all -Wendif-labels -Wmissing-include-dirs -Wempty-body -Wnested-externs -Wformat-security -Wformat-y2k -Winit-self -Wignored-qualifiers -Wold-style-declaration -Wold-style-definition -Wtype-limits -I/usr/include/libpng12 -o /tmp/qemu-conf--23240-.exe /tmp/qemu-conf--23240-.c -Wl,-z,relro -Wl,-z,now -pie -m64 -g -lrbd -lrados
/tmp/qemu-conf--23240-.c:2:24: fatal error: rbd/librbd.h: 沒有此一檔案或目錄
 #include <rbd/librbd.h>
                        ^
compilation terminated.
gcc -fPIE -DPIE -m64 -D_GNU_SOURCE -D_FILE_OFFSET_BITS=64 -D_LARGEFILE_SOURCE -Wstrict-prototypes -Wredundant-decls -Wall -Wundef -Wwrite-strings -Wmissing-prototypes -fno-strict-aliasing -fstack-protector-all -Wendif-labels -Wmissing-include-dirs -Wempty-body -Wnested-externs -Wformat-security -Wformat-y2k -Winit-self -Wignored-qualifiers -Wold-style-declaration -Wold-style-definition -Wtype-limits -I/usr/include/libpng12 -o /tmp/qemu-conf--23240-.exe /tmp/qemu-conf--23240-.c -Wl,-z,relro -Wl,-z,now -pie -m64 -g -laio
/tmp/qemu-conf--23240-.c:1:20: fatal error: libaio.h: 沒有此一檔案或目錄
 #include <libaio.h>
                    ^
compilation terminated.
gcc -fPIE -DPIE -m64 -D_GNU_SOURCE -D_FILE_OFFSET_BITS=64 -D_LARGEFILE_SOURCE -Wstrict-prototypes -Wredundant-decls -Wall -Wundef -Wwrite-strings -Wmissing-prototypes -fno-strict-aliasing -fstack-protector-all -Wendif-labels -Wmissing-include-dirs -Wempty-body -Wnested-externs -Wformat-security -Wformat-y2k -Winit-self -Wignored-qualifiers -Wold-style-declaration -Wold-style-definition -Wtype-limits -I/usr/include/libpng12 -o /tmp/qemu-conf--23240-.exe /tmp/qemu-conf--23240-.c -Wl,-z,relro -Wl,-z,now -pie -m64 -g
gcc -fPIE -DPIE -m64 -D_GNU_SOURCE -D_FILE_OFFSET_BITS=64 -D_LARGEFILE_SOURCE -Wstrict-prototypes -Wredundant-decls -Wall -Wundef -Wwrite-strings -Wmissing-prototypes -fno-strict-aliasing -fstack-protector-all -Wendif-labels -Wmissing-include-dirs -Wempty-body -Wnested-externs -Wformat-security -Wformat-y2k -Winit-self -Wignored-qualifiers -Wold-style-declaration -Wold-style-definition -Wtype-limits -I/usr/include/libpng12 -o /tmp/qemu-conf--23240-.exe /tmp/qemu-conf--23240-.c -Wl,-z,relro -Wl,-z,now -pie -m64 -g
gcc -fPIE -DPIE -m64 -D_GNU_SOURCE -D_FILE_OFFSET_BITS=64 -D_LARGEFILE_SOURCE -Wstrict-prototypes -Wredundant-decls -Wall -Wundef -Wwrite-strings -Wmissing-prototypes -fno-strict-aliasing -fstack-protector-all -Wendif-labels -Wmissing-include-dirs -Wempty-body -Wnested-externs -Wformat-security -Wformat-y2k -Winit-self -Wignored-qualifiers -Wold-style-declaration -Wold-style-definition -Wtype-limits -I/usr/include/libpng12 -o /tmp/qemu-conf--23240-.exe /tmp/qemu-conf--23240-.c -Wl,-z,relro -Wl,-z,now -pie -m64 -g
gcc -fPIE -DPIE -m64 -D_GNU_SOURCE -D_FILE_OFFSET_BITS=64 -D_LARGEFILE_SOURCE -Wstrict-prototypes -Wredundant-decls -Wall -Wundef -Wwrite-strings -Wmissing-prototypes -fno-strict-aliasing -fstack-protector-all -Wendif-labels -Wmissing-include-dirs -Wempty-body -Wnested-externs -Wformat-security -Wformat-y2k -Winit-self -Wignored-qualifiers -Wold-style-declaration -Wold-style-definition -Wtype-limits -I/usr/include/libpng12 -o /tmp/qemu-conf--23240-.exe /tmp/qemu-conf--23240-.c -Wl,-z,relro -Wl,-z,now -pie -m64 -g -lfdt
/usr/bin/ld: cannot find -lfdt
collect2: error: ld returned 1 exit status
gcc -fPIE -DPIE -m64 -D_GNU_SOURCE -D_FILE_OFFSET_BITS=64 -D_LARGEFILE_SOURCE -Wstrict-prototypes -Wredundant-decls -Wall -Wundef -Wwrite-strings -Wmissing-prototypes -fno-strict-aliasing -fstack-protector-all -Wendif-labels -Wmissing-include-dirs -Wempty-body -Wnested-externs -Wformat-security -Wformat-y2k -Winit-self -Wignored-qualifiers -Wold-style-declaration -Wold-style-definition -Wtype-limits -I/usr/include/libpng12 -o /tmp/qemu-conf--23240-.exe /tmp/qemu-conf--23240-.c -Wl,-z,relro -Wl,-z,now -pie -m64 -g -lGL
gcc -fPIE -DPIE -m64 -D_GNU_SOURCE -D_FILE_OFFSET_BITS=64 -D_LARGEFILE_SOURCE -Wstrict-prototypes -Wredundant-decls -Wall -Wundef -Wwrite-strings -Wmissing-prototypes -fno-strict-aliasing -fstack-protector-all -Wendif-labels -Wmissing-include-dirs -Wempty-body -Wnested-externs -Wformat-security -Wformat-y2k -Winit-self -Wignored-qualifiers -Wold-style-declaration -Wold-style-definition -Wtype-limits -I/usr/include/libpng12 -o /tmp/qemu-conf--23240-.exe /tmp/qemu-conf--23240-.c -Wl,-z,relro -Wl,-z,now -pie -m64 -g -lgfapi -lgfrpc -lgfxdr
/tmp/qemu-conf--23240-.c:1:32: fatal error: glusterfs/api/glfs.h: 沒有此一檔案或目錄
 #include <glusterfs/api/glfs.h>
                                ^
compilation terminated.
gcc -fPIE -DPIE -m64 -D_GNU_SOURCE -D_FILE_OFFSET_BITS=64 -D_LARGEFILE_SOURCE -Wstrict-prototypes -Wredundant-decls -Wall -Wundef -Wwrite-strings -Wmissing-prototypes -fno-strict-aliasing -fstack-protector-all -Wendif-labels -Wmissing-include-dirs -Wempty-body -Wnested-externs -Wformat-security -Wformat-y2k -Winit-self -Wignored-qualifiers -Wold-style-declaration -Wold-style-definition -Wtype-limits -I/usr/include/libpng12 -o /tmp/qemu-conf--23240-.exe /tmp/qemu-conf--23240-.c -Wl,-z,relro -Wl,-z,now -pie -m64 -g
gcc -fPIE -DPIE -m64 -D_GNU_SOURCE -D_FILE_OFFSET_BITS=64 -D_LARGEFILE_SOURCE -Wstrict-prototypes -Wredundant-decls -Wall -Wundef -Wwrite-strings -Wmissing-prototypes -fno-strict-aliasing -fstack-protector-all -Wendif-labels -Wmissing-include-dirs -Wempty-body -Wnested-externs -Wformat-security -Wformat-y2k -Winit-self -Wignored-qualifiers -Wold-style-declaration -Wold-style-definition -Wtype-limits -I/usr/include/libpng12 -o /tmp/qemu-conf--23240-.exe /tmp/qemu-conf--23240-.c -Wl,-z,relro -Wl,-z,now -pie -m64 -g
gcc -fPIE -DPIE -m64 -D_GNU_SOURCE -D_FILE_OFFSET_BITS=64 -D_LARGEFILE_SOURCE -Wstrict-prototypes -Wredundant-decls -Wall -Wundef -Wwrite-strings -Wmissing-prototypes -fno-strict-aliasing -fstack-protector-all -Wendif-labels -Wmissing-include-dirs -Wempty-body -Wnested-externs -Wformat-security -Wformat-y2k -Winit-self -Wignored-qualifiers -Wold-style-declaration -Wold-style-definition -Wtype-limits -I/usr/include/libpng12 -o /tmp/qemu-conf--23240-.exe /tmp/qemu-conf--23240-.c -Wl,-z,relro -Wl,-z,now -pie -m64 -g
gcc -fPIE -DPIE -m64 -D_GNU_SOURCE -D_FILE_OFFSET_BITS=64 -D_LARGEFILE_SOURCE -Wstrict-prototypes -Wredundant-decls -Wall -Wundef -Wwrite-strings -Wmissing-prototypes -fno-strict-aliasing -fstack-protector-all -Wendif-labels -Wmissing-include-dirs -Wempty-body -Wnested-externs -Wformat-security -Wformat-y2k -Winit-self -Wignored-qualifiers -Wold-style-declaration -Wold-style-definition -Wtype-limits -I/usr/include/libpng12 -o /tmp/qemu-conf--23240-.exe /tmp/qemu-conf--23240-.c -Wl,-z,relro -Wl,-z,now -pie -m64 -g
gcc -fPIE -DPIE -m64 -D_GNU_SOURCE -D_FILE_OFFSET_BITS=64 -D_LARGEFILE_SOURCE -Wstrict-prototypes -Wredundant-decls -Wall -Wundef -Wwrite-strings -Wmissing-prototypes -fno-strict-aliasing -fstack-protector-all -Wendif-labels -Wmissing-include-dirs -Wempty-body -Wnested-externs -Wformat-security -Wformat-y2k -Winit-self -Wignored-qualifiers -Wold-style-declaration -Wold-style-definition -Wtype-limits -I/usr/include/libpng12 -o /tmp/qemu-conf--23240-.exe /tmp/qemu-conf--23240-.c -Wl,-z,relro -Wl,-z,now -pie -m64 -g
gcc -fPIE -DPIE -m64 -D_GNU_SOURCE -D_FILE_OFFSET_BITS=64 -D_LARGEFILE_SOURCE -Wstrict-prototypes -Wredundant-decls -Wall -Wundef -Wwrite-strings -Wmissing-prototypes -fno-strict-aliasing -fstack-protector-all -Wendif-labels -Wmissing-include-dirs -Wempty-body -Wnested-externs -Wformat-security -Wformat-y2k -Winit-self -Wignored-qualifiers -Wold-style-declaration -Wold-style-definition -Wtype-limits -I/usr/include/libpng12 -o /tmp/qemu-conf--23240-.exe /tmp/qemu-conf--23240-.c -Wl,-z,relro -Wl,-z,now -pie -m64 -g
gcc -fPIE -DPIE -m64 -D_GNU_SOURCE -D_FILE_OFFSET_BITS=64 -D_LARGEFILE_SOURCE -Wstrict-prototypes -Wredundant-decls -Wall -Wundef -Wwrite-strings -Wmissing-prototypes -fno-strict-aliasing -fstack-protector-all -Wendif-labels -Wmissing-include-dirs -Wempty-body -Wnested-externs -Wformat-security -Wformat-y2k -Winit-self -Wignored-qualifiers -Wold-style-declaration -Wold-style-definition -Wtype-limits -I/usr/include/libpng12 -o /tmp/qemu-conf--23240-.exe /tmp/qemu-conf--23240-.c -Wl,-z,relro -Wl,-z,now -pie -m64 -g
gcc -fPIE -DPIE -m64 -D_GNU_SOURCE -D_FILE_OFFSET_BITS=64 -D_LARGEFILE_SOURCE -Wstrict-prototypes -Wredundant-decls -Wall -Wundef -Wwrite-strings -Wmissing-prototypes -fno-strict-aliasing -fstack-protector-all -Wendif-labels -Wmissing-include-dirs -Wempty-body -Wnested-externs -Wformat-security -Wformat-y2k -Winit-self -Wignored-qualifiers -Wold-style-declaration -Wold-style-definition -Wtype-limits -I/usr/include/libpng12 -o /tmp/qemu-conf--23240-.exe /tmp/qemu-conf--23240-.c -Wl,-z,relro -Wl,-z,now -pie -m64 -g
gcc -fPIE -DPIE -m64 -D_GNU_SOURCE -D_FILE_OFFSET_BITS=64 -D_LARGEFILE_SOURCE -Wstrict-prototypes -Wredundant-decls -Wall -Wundef -Wwrite-strings -Wmissing-prototypes -fno-strict-aliasing -fstack-protector-all -Wendif-labels -Wmissing-include-dirs -Wempty-body -Wnested-externs -Wformat-security -Wformat-y2k -Winit-self -Wignored-qualifiers -Wold-style-declaration -Wold-style-definition -Wtype-limits -I/usr/include/libpng12 -o /tmp/qemu-conf--23240-.exe /tmp/qemu-conf--23240-.c -Wl,-z,relro -Wl,-z,now -pie -m64 -g
gcc -fPIE -DPIE -m64 -D_GNU_SOURCE -D_FILE_OFFSET_BITS=64 -D_LARGEFILE_SOURCE -Wstrict-prototypes -Wredundant-decls -Wall -Wundef -Wwrite-strings -Wmissing-prototypes -fno-strict-aliasing -fstack-protector-all -Wendif-labels -Wmissing-include-dirs -Wempty-body -Wnested-externs -Wformat-security -Wformat-y2k -Winit-self -Wignored-qualifiers -Wold-style-declaration -Wold-style-definition -Wtype-limits -I/usr/include/libpng12 -o /tmp/qemu-conf--23240-.exe /tmp/qemu-conf--23240-.c -Wl,-z,relro -Wl,-z,now -pie -m64 -g
gcc -fPIE -DPIE -m64 -D_GNU_SOURCE -D_FILE_OFFSET_BITS=64 -D_LARGEFILE_SOURCE -Wstrict-prototypes -Wredundant-decls -Wall -Wundef -Wwrite-strings -Wmissing-prototypes -fno-strict-aliasing -fstack-protector-all -Wendif-labels -Wmissing-include-dirs -Wempty-body -Wnested-externs -Wformat-security -Wformat-y2k -Winit-self -Wignored-qualifiers -Wold-style-declaration -Wold-style-definition -Wtype-limits -I/usr/include/libpng12 -o /tmp/qemu-conf--23240-.exe /tmp/qemu-conf--23240-.c -Wl,-z,relro -Wl,-z,now -pie -m64 -g
gcc -fPIE -DPIE -m64 -D_GNU_SOURCE -D_FILE_OFFSET_BITS=64 -D_LARGEFILE_SOURCE -Wstrict-prototypes -Wredundant-decls -Wall -Wundef -Wwrite-strings -Wmissing-prototypes -fno-strict-aliasing -fstack-protector-all -Wendif-labels -Wmissing-include-dirs -Wempty-body -Wnested-externs -Wformat-security -Wformat-y2k -Winit-self -Wignored-qualifiers -Wold-style-declaration -Wold-style-definition -Wtype-limits -I/usr/include/libpng12 -o /tmp/qemu-conf--23240-.exe /tmp/qemu-conf--23240-.c -Wl,-z,relro -Wl,-z,now -pie -m64 -g
gcc -fPIE -DPIE -m64 -D_GNU_SOURCE -D_FILE_OFFSET_BITS=64 -D_LARGEFILE_SOURCE -Wstrict-prototypes -Wredundant-decls -Wall -Wundef -Wwrite-strings -Wmissing-prototypes -fno-strict-aliasing -fstack-protector-all -Wendif-labels -Wmissing-include-dirs -Wempty-body -Wnested-externs -Wformat-security -Wformat-y2k -Winit-self -Wignored-qualifiers -Wold-style-declaration -Wold-style-definition -Wtype-limits -I/usr/include/libpng12 -o /tmp/qemu-conf--23240-.exe /tmp/qemu-conf--23240-.c -Wl,-z,relro -Wl,-z,now -pie -m64 -g
gcc -fPIE -DPIE -m64 -D_GNU_SOURCE -D_FILE_OFFSET_BITS=64 -D_LARGEFILE_SOURCE -Wstrict-prototypes -Wredundant-decls -Wall -Wundef -Wwrite-strings -Wmissing-prototypes -fno-strict-aliasing -fstack-protector-all -Wendif-labels -Wmissing-include-dirs -Wempty-body -Wnested-externs -Wformat-security -Wformat-y2k -Winit-self -Wignored-qualifiers -Wold-style-declaration -Wold-style-definition -Wtype-limits -I/usr/include/libpng12 -o /tmp/qemu-conf--23240-.exe /tmp/qemu-conf--23240-.c -Wl,-z,relro -Wl,-z,now -pie -m64 -g
gcc -fPIE -DPIE -m64 -D_GNU_SOURCE -D_FILE_OFFSET_BITS=64 -D_LARGEFILE_SOURCE -Wstrict-prototypes -Wredundant-decls -Wall -Wundef -Wwrite-strings -Wmissing-prototypes -fno-strict-aliasing -fstack-protector-all -Wendif-labels -Wmissing-include-dirs -Wempty-body -Wnested-externs -Wformat-security -Wformat-y2k -Winit-self -Wignored-qualifiers -Wold-style-declaration -Wold-style-definition -Wtype-limits -I/usr/include/libpng12 -o /tmp/qemu-conf--23240-.exe /tmp/qemu-conf--23240-.c -Wl,-z,relro -Wl,-z,now -pie -m64 -g
gcc -fPIE -DPIE -m64 -D_GNU_SOURCE -D_FILE_OFFSET_BITS=64 -D_LARGEFILE_SOURCE -Wstrict-prototypes -Wredundant-decls -Wall -Wundef -Wwrite-strings -Wmissing-prototypes -fno-strict-aliasing -fstack-protector-all -Wendif-labels -Wmissing-include-dirs -Wempty-body -Wnested-externs -Wformat-security -Wformat-y2k -Winit-self -Wignored-qualifiers -Wold-style-declaration -Wold-style-definition -Wtype-limits -I/usr/include/libpng12 -o /tmp/qemu-conf--23240-.exe /tmp/qemu-conf--23240-.c -Wl,-z,relro -Wl,-z,now -pie -m64 -g
gcc -fPIE -DPIE -m64 -D_GNU_SOURCE -D_FILE_OFFSET_BITS=64 -D_LARGEFILE_SOURCE -Wstrict-prototypes -Wredundant-decls -Wall -Wundef -Wwrite-strings -Wmissing-prototypes -fno-strict-aliasing -fstack-protector-all -Wendif-labels -Wmissing-include-dirs -Wempty-body -Wnested-externs -Wformat-security -Wformat-y2k -Winit-self -Wignored-qualifiers -Wold-style-declaration -Wold-style-definition -Wtype-limits -I/usr/include/libpng12 -o /tmp/qemu-conf--23240-.exe /tmp/qemu-conf--23240-.c -Wl,-z,relro -Wl,-z,now -pie -m64 -g
gcc -fPIE -DPIE -m64 -D_GNU_SOURCE -D_FILE_OFFSET_BITS=64 -D_LARGEFILE_SOURCE -Wstrict-prototypes -Wredundant-decls -Wall -Wundef -Wwrite-strings -Wmissing-prototypes -fno-strict-aliasing -fstack-protector-all -Wendif-labels -Wmissing-include-dirs -Wempty-body -Wnested-externs -Wformat-security -Wformat-y2k -Winit-self -Wignored-qualifiers -Wold-style-declaration -Wold-style-definition -Wtype-limits -I/usr/include/libpng12 -o /tmp/qemu-conf--23240-.exe /tmp/qemu-conf--23240-.c -Wl,-z,relro -Wl,-z,now -pie -m64 -g
/tmp/qemu-conf--23240-.c:1:24: fatal error: sys/endian.h: 沒有此一檔案或目錄
 #include <sys/endian.h>
                        ^
compilation terminated.
gcc -fPIE -DPIE -m64 -D_GNU_SOURCE -D_FILE_OFFSET_BITS=64 -D_LARGEFILE_SOURCE -Wstrict-prototypes -Wredundant-decls -Wall -Wundef -Wwrite-strings -Wmissing-prototypes -fno-strict-aliasing -fstack-protector-all -Wendif-labels -Wmissing-include-dirs -Wempty-body -Wnested-externs -Wformat-security -Wformat-y2k -Winit-self -Wignored-qualifiers -Wold-style-declaration -Wold-style-definition -Wtype-limits -I/usr/include/libpng12 -o /tmp/qemu-conf--23240-.exe /tmp/qemu-conf--23240-.c -Wl,-z,relro -Wl,-z,now -pie -m64 -g -liscsi
/tmp/qemu-conf--23240-.c:2:25: fatal error: iscsi/iscsi.h: 沒有此一檔案或目錄
 #include <iscsi/iscsi.h>
                         ^
compilation terminated.
gcc -fPIE -DPIE -m64 -D_GNU_SOURCE -D_FILE_OFFSET_BITS=64 -D_LARGEFILE_SOURCE -Wstrict-prototypes -Wredundant-decls -Wall -Wundef -Wwrite-strings -Wmissing-prototypes -fno-strict-aliasing -fstack-protector-all -Wendif-labels -Wmissing-include-dirs -Wempty-body -Wnested-externs -Wformat-security -Wformat-y2k -Winit-self -Wignored-qualifiers -Wold-style-declaration -Wold-style-definition -Wtype-limits -I/usr/include/libpng12 -o /tmp/qemu-conf--23240-.exe /tmp/qemu-conf--23240-.c -Wl,-z,relro -Wl,-z,now -pie -m64 -g
gcc -fPIE -DPIE -m64 -D_GNU_SOURCE -D_FILE_OFFSET_BITS=64 -D_LARGEFILE_SOURCE -Wstrict-prototypes -Wredundant-decls -Wall -Wundef -Wwrite-strings -Wmissing-prototypes -fno-strict-aliasing -fstack-protector-all -Wendif-labels -Wmissing-include-dirs -Wempty-body -Wnested-externs -Wformat-security -Wformat-y2k -Winit-self -Wignored-qualifiers -Wold-style-declaration -Wold-style-definition -Wtype-limits -I/usr/include/libpng12 -o /tmp/qemu-conf--23240-.exe /tmp/qemu-conf--23240-.c -Wl,-z,relro -Wl,-z,now -pie -m64 -g
/tmp/cckMOdlq.o: In function `main':
/tmp/qemu-conf--23240-.c:4: 未定義參考到「timer_create」
collect2: error: ld returned 1 exit status
gcc -fPIE -DPIE -m64 -D_GNU_SOURCE -D_FILE_OFFSET_BITS=64 -D_LARGEFILE_SOURCE -Wstrict-prototypes -Wredundant-decls -Wall -Wundef -Wwrite-strings -Wmissing-prototypes -fno-strict-aliasing -fstack-protector-all -Wendif-labels -Wmissing-include-dirs -Wempty-body -Wnested-externs -Wformat-security -Wformat-y2k -Winit-self -Wignored-qualifiers -Wold-style-declaration -Wold-style-definition -Wtype-limits -I/usr/include/libpng12 -o /tmp/qemu-conf--23240-.exe /tmp/qemu-conf--23240-.c -Wl,-z,relro -Wl,-z,now -pie -m64 -g -lrt -pthread
gcc -fPIE -DPIE -m64 -D_GNU_SOURCE -D_FILE_OFFSET_BITS=64 -D_LARGEFILE_SOURCE -Wstrict-prototypes -Wredundant-decls -Wall -Wundef -Wwrite-strings -Wmissing-prototypes -fno-strict-aliasing -fstack-protector-all -Wendif-labels -Wmissing-include-dirs -Wempty-body -Wnested-externs -Wformat-security -Wformat-y2k -Winit-self -Wignored-qualifiers -Wold-style-declaration -Wold-style-definition -Wtype-limits -I/usr/include/libpng12 -o /tmp/qemu-conf--23240-.exe /tmp/qemu-conf--23240-.c -Wl,-z,relro -Wl,-z,now -pie -m64 -g
gcc -fPIE -DPIE -m64 -D_GNU_SOURCE -D_FILE_OFFSET_BITS=64 -D_LARGEFILE_SOURCE -Wstrict-prototypes -Wredundant-decls -Wall -Wundef -Wwrite-strings -Wmissing-prototypes -fno-strict-aliasing -fstack-protector-all -Wendif-labels -Wmissing-include-dirs -Wempty-body -Wnested-externs -Wformat-security -Wformat-y2k -Winit-self -Wignored-qualifiers -Wold-style-declaration -Wold-style-definition -Wtype-limits -I/usr/include/libpng12 -o /tmp/qemu-conf--23240-.exe /tmp/qemu-conf--23240-.c -Wl,-z,relro -Wl,-z,now -pie -m64 -g
gcc -fPIE -DPIE -m64 -D_GNU_SOURCE -D_FILE_OFFSET_BITS=64 -D_LARGEFILE_SOURCE -Wstrict-prototypes -Wredundant-decls -Wall -Wundef -Wwrite-strings -Wmissing-prototypes -fno-strict-aliasing -fstack-protector-all -Wendif-labels -Wmissing-include-dirs -Wempty-body -Wnested-externs -Wformat-security -Wformat-y2k -Winit-self -Wignored-qualifiers -Wold-style-declaration -Wold-style-definition -Wtype-limits -I/usr/include/libpng12 -o /tmp/qemu-conf--23240-.exe /tmp/qemu-conf--23240-.c -Wl,-z,relro -Wl,-z,now -pie -m64 -g
gcc -fPIE -DPIE -m64 -D_GNU_SOURCE -D_FILE_OFFSET_BITS=64 -D_LARGEFILE_SOURCE -Wstrict-prototypes -Wredundant-decls -Wall -Wundef -Wwrite-strings -Wmissing-prototypes -fno-strict-aliasing -fstack-protector-all -Wendif-labels -Wmissing-include-dirs -Wempty-body -Wnested-externs -Wformat-security -Wformat-y2k -Winit-self -Wignored-qualifiers -Wold-style-declaration -Wold-style-definition -Wtype-limits -I/usr/include/libpng12 -o /tmp/qemu-conf--23240-.exe /tmp/qemu-conf--23240-.c -Wl,-z,relro -Wl,-z,now -pie -m64 -g
gcc -fPIE -DPIE -m64 -D_GNU_SOURCE -D_FILE_OFFSET_BITS=64 -D_LARGEFILE_SOURCE -Wstrict-prototypes -Wredundant-decls -Wall -Wundef -Wwrite-strings -Wmissing-prototypes -fno-strict-aliasing -fstack-protector-all -Wendif-labels -Wmissing-include-dirs -Wempty-body -Wnested-externs -Wformat-security -Wformat-y2k -Winit-self -Wignored-qualifiers -Wold-style-declaration -Wold-style-definition -Wtype-limits -I/usr/include/libpng12 -o /tmp/qemu-conf--23240-.exe /tmp/qemu-conf--23240-.c -Wl,-z,relro -Wl,-z,now -pie -m64 -g
gcc -fPIE -DPIE -m64 -D_GNU_SOURCE -D_FILE_OFFSET_BITS=64 -D_LARGEFILE_SOURCE -Wstrict-prototypes -Wredundant-decls -Wall -Wundef -Wwrite-strings -Wmissing-prototypes -fno-strict-aliasing -fstack-protector-all -Wendif-labels -Wmissing-include-dirs -Wempty-body -Wnested-externs -Wformat-security -Wformat-y2k -Winit-self -Wignored-qualifiers -Wold-style-declaration -Wold-style-definition -Wtype-limits -I/usr/include/libpng12 -o /tmp/qemu-conf--23240-.exe /tmp/qemu-conf--23240-.c -Wl,-z,relro -Wl,-z,now -pie -m64 -g
gcc -fPIE -DPIE -m64 -D_GNU_SOURCE -D_FILE_OFFSET_BITS=64 -D_LARGEFILE_SOURCE -Wstrict-prototypes -Wredundant-decls -Wall -Wundef -Wwrite-strings -Wmissing-prototypes -fno-strict-aliasing -fstack-protector-all -Wendif-labels -Wmissing-include-dirs -Wempty-body -Wnested-externs -Wformat-security -Wformat-y2k -Winit-self -Wignored-qualifiers -Wold-style-declaration -Wold-style-definition -Wtype-limits -I/usr/include/libpng12 -o /tmp/qemu-conf--23240-.exe /tmp/qemu-conf--23240-.c -Wl,-z,relro -Wl,-z,now -pie -m64 -g
gcc -fPIE -DPIE -m64 -D_GNU_SOURCE -D_FILE_OFFSET_BITS=64 -D_LARGEFILE_SOURCE -Wstrict-prototypes -Wredundant-decls -Wall -Wundef -Wwrite-strings -Wmissing-prototypes -fno-strict-aliasing -fstack-protector-all -Wendif-labels -Wmissing-include-dirs -Wempty-body -Wnested-externs -Wformat-security -Wformat-y2k -Winit-self -Wignored-qualifiers -Wold-style-declaration -Wold-style-definition -Wtype-limits -I/usr/include/libpng12 -Werror -o /tmp/qemu-conf--23240-.exe /tmp/qemu-conf--23240-.c -Wl,-z,relro -Wl,-z,now -pie -m64 -g
gcc -fPIE -DPIE -m64 -D_GNU_SOURCE -D_FILE_OFFSET_BITS=64 -D_LARGEFILE_SOURCE -Wstrict-prototypes -Wredundant-decls -Wall -Wundef -Wwrite-strings -Wmissing-prototypes -fno-strict-aliasing -fstack-protector-all -Wendif-labels -Wmissing-include-dirs -Wempty-body -Wnested-externs -Wformat-security -Wformat-y2k -Winit-self -Wignored-qualifiers -Wold-style-declaration -Wold-style-definition -Wtype-limits -I/usr/include/libpng12 -o /tmp/qemu-conf--23240-.exe /tmp/qemu-conf--23240-.c -Wl,-z,relro -Wl,-z,now -pie -m64 -g
/tmp/qemu-conf--23240-.c:1:31: fatal error: valgrind/valgrind.h: 沒有此一檔案或目錄
 #include <valgrind/valgrind.h>
                               ^
compilation terminated.
gcc -fPIE -DPIE -m64 -D_GNU_SOURCE -D_FILE_OFFSET_BITS=64 -D_LARGEFILE_SOURCE -Wstrict-prototypes -Wredundant-decls -Wall -Wundef -Wwrite-strings -Wmissing-prototypes -fno-strict-aliasing -fstack-protector-all -Wendif-labels -Wmissing-include-dirs -Wempty-body -Wnested-externs -Wformat-security -Wformat-y2k -Winit-self -Wignored-qualifiers -Wold-style-declaration -Wold-style-definition -Wtype-limits -I/usr/include/libpng12 -o /tmp/qemu-conf--23240-.exe /tmp/qemu-conf--23240-.c -Wl,-z,relro -Wl,-z,now -pie -m64 -g
