This file contains any messages produced by compilers while
running configure, to aid debugging if configure makes a mistake.

It was created by pixman configure 0.18.4, which was
generated by GNU Autoconf 2.69.  Invocation command line was

  $ /home/lu/qemu/Linaro_new/qemu-1.3.1/pixman/configure --disable-gtk --disable-shared --enable-static

## --------- ##
## Platform. ##
## --------- ##

hostname = lu-System-Product-Name
uname -m = i686
uname -r = 3.8.0-23-generic
uname -s = Linux
uname -v = #34-Ubuntu SMP Wed May 29 20:24:54 UTC 2013

/usr/bin/uname -p = unknown
/bin/uname -X     = unknown

/bin/arch              = unknown
/usr/bin/arch -k       = unknown
/usr/convex/getsysinfo = unknown
/usr/bin/hostinfo      = unknown
/bin/machine           = unknown
/usr/bin/oslevel       = unknown
/bin/universe          = unknown

PATH: /usr/lib/lightdm/lightdm
PATH: /usr/local/sbin
PATH: /usr/local/bin
PATH: /usr/sbin
PATH: /usr/bin
PATH: /sbin
PATH: /bin
PATH: /usr/games
PATH: /usr/local/games


## ----------- ##
## Core tests. ##
## ----------- ##

configure:2458: checking for a BSD-compatible install
configure:2526: result: /usr/bin/install -c
configure:2537: checking whether build environment is sane
configure:2587: result: yes
configure:2728: checking for a thread-safe mkdir -p
configure:2767: result: /bin/mkdir -p
configure:2780: checking for gawk
configure:2810: result: no
configure:2780: checking for mawk
configure:2796: found /usr/bin/mawk
configure:2807: result: mawk
configure:2818: checking whether make sets $(MAKE)
configure:2840: result: yes
configure:2933: checking whether make supports nested variables
configure:2950: result: yes
configure:2969: checking build system type
configure:2983: result: i686-pc-linux-gnu
configure:3003: checking host system type
configure:3016: result: i686-pc-linux-gnu
configure:3087: checking for gcc
configure:3103: found /usr/bin/gcc
configure:3114: result: gcc
configure:3343: checking for C compiler version
configure:3352: gcc --version >&5
gcc (Ubuntu/Linaro 4.7.3-1ubuntu1) 4.7.3
Copyright (C) 2012 Free Software Foundation, Inc.
This is free software; see the source for copying conditions.  There is NO
warranty; not even for MERCHANTABILITY or FITNESS FOR A PARTICULAR PURPOSE.

configure:3363: $? = 0
configure:3352: gcc -v >&5
Using built-in specs.
COLLECT_GCC=gcc
COLLECT_LTO_WRAPPER=/usr/lib/gcc/i686-linux-gnu/4.7/lto-wrapper
Target: i686-linux-gnu
Configured with: ../src/configure -v --with-pkgversion='Ubuntu/Linaro 4.7.3-1ubuntu1' --with-bugurl=file:///usr/share/doc/gcc-4.7/README.Bugs --enable-languages=c,c++,go,fortran,objc,obj-c++ --prefix=/usr --program-suffix=-4.7 --enable-shared --enable-linker-build-id --libexecdir=/usr/lib --without-included-gettext --enable-threads=posix --with-gxx-include-dir=/usr/include/c++/4.7 --libdir=/usr/lib --enable-nls --with-sysroot=/ --enable-clocale=gnu --enable-libstdcxx-debug --enable-libstdcxx-time=yes --enable-gnu-unique-object --enable-plugin --with-system-zlib --enable-objc-gc --enable-targets=all --with-cloog --enable-cloog-backend=ppl --disable-cloog-version-check --disable-ppl-version-check --enable-multiarch --disable-werror --with-arch-32=i686 --with-multilib-list=m32,m64,mx32 --with-tune=generic --enable-checking=release --build=i686-linux-gnu --host=i686-linux-gnu --target=i686-linux-gnu
Thread model: posix
gcc version 4.7.3 (Ubuntu/Linaro 4.7.3-1ubuntu1) 
configure:3363: $? = 0
configure:3352: gcc -V >&5
gcc: error: unrecognized command line option '-V'
gcc: fatal error: no input files
compilation terminated.
configure:3363: $? = 4
configure:3352: gcc -qversion >&5
gcc: error: unrecognized command line option '-qversion'
gcc: fatal error: no input files
compilation terminated.
configure:3363: $? = 4
configure:3383: checking whether the C compiler works
configure:3405: gcc -O2 -D_FORTIFY_SOURCE=2 -g  -fPIC   conftest.c  >&5
configure:3409: $? = 0
configure:3457: result: yes
configure:3460: checking for C compiler default output file name
configure:3462: result: a.out
configure:3468: checking for suffix of executables
configure:3475: gcc -o conftest -O2 -D_FORTIFY_SOURCE=2 -g  -fPIC   conftest.c  >&5
configure:3479: $? = 0
configure:3501: result: 
configure:3523: checking whether we are cross compiling
configure:3531: gcc -o conftest -O2 -D_FORTIFY_SOURCE=2 -g  -fPIC   conftest.c  >&5
configure:3535: $? = 0
configure:3542: ./conftest
configure:3546: $? = 0
configure:3561: result: no
configure:3566: checking for suffix of object files
configure:3588: gcc -c -O2 -D_FORTIFY_SOURCE=2 -g  -fPIC  conftest.c >&5
configure:3592: $? = 0
configure:3613: result: o
configure:3617: checking whether we are using the GNU C compiler
configure:3636: gcc -c -O2 -D_FORTIFY_SOURCE=2 -g  -fPIC  conftest.c >&5
configure:3636: $? = 0
configure:3645: result: yes
configure:3654: checking whether gcc accepts -g
configure:3674: gcc -c -g  conftest.c >&5
configure:3674: $? = 0
configure:3715: result: yes
configure:3732: checking for gcc option to accept ISO C89
configure:3795: gcc  -c -O2 -D_FORTIFY_SOURCE=2 -g  -fPIC  conftest.c >&5
configure:3795: $? = 0
configure:3808: result: none needed
configure:3839: checking for style of include used by make
configure:3867: result: GNU
configure:3893: checking dependency style of gcc
configure:4004: result: gcc3
configure:4028: checking dependency style of gcc
configure:4137: result: gcc3
configure:4198: checking how to print strings
configure:4225: result: printf
configure:4246: checking for a sed that does not truncate output
configure:4310: result: /bin/sed
configure:4328: checking for grep that handles long lines and -e
configure:4386: result: /bin/grep
configure:4391: checking for egrep
configure:4453: result: /bin/grep -E
configure:4458: checking for fgrep
configure:4520: result: /bin/grep -F
configure:4555: checking for ld used by gcc
configure:4622: result: /usr/bin/ld
configure:4629: checking if the linker (/usr/bin/ld) is GNU ld
configure:4644: result: yes
configure:4656: checking for BSD- or MS-compatible name lister (nm)
configure:4705: result: /usr/bin/nm -B
configure:4835: checking the name lister (/usr/bin/nm -B) interface
configure:4842: gcc -c -O2 -D_FORTIFY_SOURCE=2 -g  -fPIC  conftest.c >&5
configure:4845: /usr/bin/nm -B "conftest.o"
configure:4848: output
00000000 B some_variable
configure:4855: result: BSD nm
configure:4858: checking whether ln -s works
configure:4862: result: yes
configure:4870: checking the maximum length of command line arguments
configure:5001: result: 805306365
configure:5018: checking whether the shell understands some XSI constructs
configure:5028: result: yes
configure:5032: checking whether the shell understands "+="
configure:5038: result: yes
configure:5073: checking how to convert i686-pc-linux-gnu file names to i686-pc-linux-gnu format
configure:5113: result: func_convert_file_noop
configure:5120: checking how to convert i686-pc-linux-gnu file names to toolchain format
configure:5140: result: func_convert_file_noop
configure:5147: checking for /usr/bin/ld option to reload object files
configure:5154: result: -r
configure:5228: checking for objdump
configure:5244: found /usr/bin/objdump
configure:5255: result: objdump
configure:5287: checking how to recognize dependent libraries
configure:5485: result: pass_all
configure:5570: checking for dlltool
configure:5600: result: no
configure:5630: checking how to associate runtime and link libraries
configure:5657: result: printf %s\n
configure:5718: checking for ar
configure:5734: found /usr/bin/ar
configure:5745: result: ar
configure:5782: checking for archiver @FILE support
configure:5799: gcc -c -O2 -D_FORTIFY_SOURCE=2 -g  -fPIC  conftest.c >&5
configure:5799: $? = 0
configure:5802: ar cru libconftest.a @conftest.lst >&5
configure:5805: $? = 0
configure:5810: ar cru libconftest.a @conftest.lst >&5
ar: conftest.o: No such file or directory
configure:5813: $? = 1
configure:5825: result: @
configure:5883: checking for strip
configure:5899: found /usr/bin/strip
configure:5910: result: strip
configure:5982: checking for ranlib
configure:5998: found /usr/bin/ranlib
configure:6009: result: ranlib
configure:6111: checking command to parse /usr/bin/nm -B output from gcc object
configure:6231: gcc -c -O2 -D_FORTIFY_SOURCE=2 -g  -fPIC  conftest.c >&5
configure:6234: $? = 0
configure:6238: /usr/bin/nm -B conftest.o \| sed -n -e 's/^.*[ ]\([ABCDGIRSTW][ABCDGIRSTW]*\)[ ][ ]*\([_A-Za-z][_A-Za-z0-9]*\)$/\1 \2 \2/p' | sed '/ __gnu_lto/d' \> conftest.nm
configure:6241: $? = 0
configure:6307: gcc -o conftest -O2 -D_FORTIFY_SOURCE=2 -g  -fPIC   conftest.c conftstm.o >&5
configure:6310: $? = 0
configure:6348: result: ok
configure:6385: checking for sysroot
configure:6415: result: no
configure:6678: checking for mt
configure:6694: found /bin/mt
configure:6705: result: mt
configure:6728: checking if mt is a manifest tool
configure:6734: mt '-?'
configure:6742: result: no
configure:7384: checking how to run the C preprocessor
configure:7415: gcc -E  conftest.c
configure:7415: $? = 0
configure:7429: gcc -E  conftest.c
conftest.c:11:28: fatal error: ac_nonexistent.h: No such file or directory
compilation terminated.
configure:7429: $? = 1
configure: failed program was:
| /* confdefs.h */
| #define PACKAGE_NAME "pixman"
| #define PACKAGE_TARNAME "pixman"
| #define PACKAGE_VERSION "0.18.4"
| #define PACKAGE_STRING "pixman 0.18.4"
| #define PACKAGE_BUGREPORT ""pixman@lists.freedesktop.org""
| #define PACKAGE_URL ""
| #define PACKAGE "pixman"
| #define VERSION "0.18.4"
| /* end confdefs.h.  */
| #include <ac_nonexistent.h>
configure:7454: result: gcc -E
configure:7474: gcc -E  conftest.c
configure:7474: $? = 0
configure:7488: gcc -E  conftest.c
conftest.c:11:28: fatal error: ac_nonexistent.h: No such file or directory
compilation terminated.
configure:7488: $? = 1
configure: failed program was:
| /* confdefs.h */
| #define PACKAGE_NAME "pixman"
| #define PACKAGE_TARNAME "pixman"
| #define PACKAGE_VERSION "0.18.4"
| #define PACKAGE_STRING "pixman 0.18.4"
| #define PACKAGE_BUGREPORT ""pixman@lists.freedesktop.org""
| #define PACKAGE_URL ""
| #define PACKAGE "pixman"
| #define VERSION "0.18.4"
| /* end confdefs.h.  */
| #include <ac_nonexistent.h>
configure:7517: checking for ANSI C header files
configure:7537: gcc -c -O2 -D_FORTIFY_SOURCE=2 -g  -fPIC  conftest.c >&5
configure:7537: $? = 0
configure:7610: gcc -o conftest -O2 -D_FORTIFY_SOURCE=2 -g  -fPIC   conftest.c  >&5
configure:7610: $? = 0
configure:7610: ./conftest
configure:7610: $? = 0
configure:7621: result: yes
configure:7634: checking for sys/types.h
configure:7634: gcc -c -O2 -D_FORTIFY_SOURCE=2 -g  -fPIC  conftest.c >&5
configure:7634: $? = 0
configure:7634: result: yes
configure:7634: checking for sys/stat.h
configure:7634: gcc -c -O2 -D_FORTIFY_SOURCE=2 -g  -fPIC  conftest.c >&5
configure:7634: $? = 0
configure:7634: result: yes
configure:7634: checking for stdlib.h
configure:7634: gcc -c -O2 -D_FORTIFY_SOURCE=2 -g  -fPIC  conftest.c >&5
configure:7634: $? = 0
configure:7634: result: yes
configure:7634: checking for string.h
configure:7634: gcc -c -O2 -D_FORTIFY_SOURCE=2 -g  -fPIC  conftest.c >&5
configure:7634: $? = 0
configure:7634: result: yes
configure:7634: checking for memory.h
configure:7634: gcc -c -O2 -D_FORTIFY_SOURCE=2 -g  -fPIC  conftest.c >&5
configure:7634: $? = 0
configure:7634: result: yes
configure:7634: checking for strings.h
configure:7634: gcc -c -O2 -D_FORTIFY_SOURCE=2 -g  -fPIC  conftest.c >&5
configure:7634: $? = 0
configure:7634: result: yes
configure:7634: checking for inttypes.h
configure:7634: gcc -c -O2 -D_FORTIFY_SOURCE=2 -g  -fPIC  conftest.c >&5
configure:7634: $? = 0
configure:7634: result: yes
configure:7634: checking for stdint.h
configure:7634: gcc -c -O2 -D_FORTIFY_SOURCE=2 -g  -fPIC  conftest.c >&5
configure:7634: $? = 0
configure:7634: result: yes
configure:7634: checking for unistd.h
configure:7634: gcc -c -O2 -D_FORTIFY_SOURCE=2 -g  -fPIC  conftest.c >&5
configure:7634: $? = 0
configure:7634: result: yes
configure:7648: checking for dlfcn.h
configure:7648: gcc -c -O2 -D_FORTIFY_SOURCE=2 -g  -fPIC  conftest.c >&5
configure:7648: $? = 0
configure:7648: result: yes
configure:7854: checking for objdir
configure:7869: result: .libs
configure:8136: checking if gcc supports -fno-rtti -fno-exceptions
configure:8154: gcc -c -O2 -D_FORTIFY_SOURCE=2 -g  -fPIC  -fno-rtti -fno-exceptions conftest.c >&5
cc1: warning: command line option '-fno-rtti' is valid for C++/ObjC++ but not for C [enabled by default]
configure:8158: $? = 0
configure:8171: result: no
configure:8498: checking for gcc option to produce PIC
configure:8505: result: -fPIC -DPIC
configure:8513: checking if gcc PIC flag -fPIC -DPIC works
configure:8531: gcc -c -O2 -D_FORTIFY_SOURCE=2 -g  -fPIC  -fPIC -DPIC -DPIC conftest.c >&5
configure:8535: $? = 0
configure:8548: result: yes
configure:8577: checking if gcc static flag -static works
configure:8605: result: yes
configure:8620: checking if gcc supports -c -o file.o
configure:8641: gcc -c -O2 -D_FORTIFY_SOURCE=2 -g  -fPIC  -o out/conftest2.o conftest.c >&5
configure:8645: $? = 0
configure:8667: result: yes
configure:8675: checking if gcc supports -c -o file.o
configure:8722: result: yes
configure:8755: checking whether the gcc linker (/usr/bin/ld) supports shared libraries
configure:9912: result: yes
configure:10152: checking dynamic linker characteristics
configure:10652: gcc -o conftest -O2 -D_FORTIFY_SOURCE=2 -g  -fPIC   -Wl,-rpath -Wl,/foo conftest.c  >&5
configure:10652: $? = 0
configure:10886: result: GNU/Linux ld.so
configure:10993: checking how to hardcode library paths into programs
configure:11018: result: immediate
configure:11558: checking whether stripping libraries is possible
configure:11563: result: yes
configure:11598: checking if libtool supports shared libraries
configure:11600: result: yes
configure:11603: checking whether to build shared libraries
configure:11624: result: no
configure:11627: checking whether to build static libraries
configure:11631: result: yes
configure:11670: checking for getisax
configure:11670: gcc -o conftest -O2 -D_FORTIFY_SOURCE=2 -g  -fPIC   conftest.c  >&5
/tmp/ccTPTd5d.o: In function `main':
/home/lu/qemu/Linaro_new/qemu-1.3.1/pixman/conftest.c:57: undefined reference to `getisax'
collect2: error: ld returned 1 exit status
configure:11670: $? = 1
configure: failed program was:
| /* confdefs.h */
| #define PACKAGE_NAME "pixman"
| #define PACKAGE_TARNAME "pixman"
| #define PACKAGE_VERSION "0.18.4"
| #define PACKAGE_STRING "pixman 0.18.4"
| #define PACKAGE_BUGREPORT ""pixman@lists.freedesktop.org""
| #define PACKAGE_URL ""
| #define PACKAGE "pixman"
| #define VERSION "0.18.4"
| #define STDC_HEADERS 1
| #define HAVE_SYS_TYPES_H 1
| #define HAVE_SYS_STAT_H 1
| #define HAVE_STDLIB_H 1
| #define HAVE_STRING_H 1
| #define HAVE_MEMORY_H 1
| #define HAVE_STRINGS_H 1
| #define HAVE_INTTYPES_H 1
| #define HAVE_STDINT_H 1
| #define HAVE_UNISTD_H 1
| #define HAVE_DLFCN_H 1
| #define LT_OBJDIR ".libs/"
| /* end confdefs.h.  */
| /* Define getisax to an innocuous variant, in case <limits.h> declares getisax.
|    For example, HP-UX 11i <limits.h> declares gettimeofday.  */
| #define getisax innocuous_getisax
| 
| /* System header to define __stub macros and hopefully few prototypes,
|     which can conflict with char getisax (); below.
|     Prefer <limits.h> to <assert.h> if __STDC__ is defined, since
|     <limits.h> exists even on freestanding compilers.  */
| 
| #ifdef __STDC__
| # include <limits.h>
| #else
| # include <assert.h>
| #endif
| 
| #undef getisax
| 
| /* Override any GCC internal prototype to avoid an error.
|    Use char because int might match the return type of a GCC
|    builtin and then its argument prototype would still apply.  */
| #ifdef __cplusplus
| extern "C"
| #endif
| char getisax ();
| /* The GNU C library defines this for functions which it implements
|     to always fail with ENOSYS.  Some functions are actually named
|     something starting with __ and the normal name is an alias.  */
| #if defined __stub_getisax || defined __stub___getisax
| choke me
| #endif
| 
| int
| main ()
| {
| return getisax ();
|   ;
|   return 0;
| }
configure:11670: result: no
configure:11679: checking whether byte ordering is bigendian
configure:11694: gcc -c -O2 -D_FORTIFY_SOURCE=2 -g  -fPIC  conftest.c >&5
conftest.c:24:9: error: unknown type name 'not'
conftest.c:24:15: error: expected '=', ',', ';', 'asm' or '__attribute__' before 'universal'
conftest.c:24:15: error: unknown type name 'universal'
configure:11694: $? = 1
configure: failed program was:
| /* confdefs.h */
| #define PACKAGE_NAME "pixman"
| #define PACKAGE_TARNAME "pixman"
| #define PACKAGE_VERSION "0.18.4"
| #define PACKAGE_STRING "pixman 0.18.4"
| #define PACKAGE_BUGREPORT ""pixman@lists.freedesktop.org""
| #define PACKAGE_URL ""
| #define PACKAGE "pixman"
| #define VERSION "0.18.4"
| #define STDC_HEADERS 1
| #define HAVE_SYS_TYPES_H 1
| #define HAVE_SYS_STAT_H 1
| #define HAVE_STDLIB_H 1
| #define HAVE_STRING_H 1
| #define HAVE_MEMORY_H 1
| #define HAVE_STRINGS_H 1
| #define HAVE_INTTYPES_H 1
| #define HAVE_STDINT_H 1
| #define HAVE_UNISTD_H 1
| #define HAVE_DLFCN_H 1
| #define LT_OBJDIR ".libs/"
| /* end confdefs.h.  */
| #ifndef __APPLE_CC__
| 	       not a universal capable compiler
| 	     #endif
| 	     typedef int dummy;
| 
configure:11739: gcc -c -O2 -D_FORTIFY_SOURCE=2 -g  -fPIC  conftest.c >&5
configure:11739: $? = 0
configure:11757: gcc -c -O2 -D_FORTIFY_SOURCE=2 -g  -fPIC  conftest.c >&5
conftest.c: In function 'main':
conftest.c:30:4: error: unknown type name 'not'
conftest.c:30:12: error: expected '=', ',', ';', 'asm' or '__attribute__' before 'endian'
configure:11757: $? = 1
configure: failed program was:
| /* confdefs.h */
| #define PACKAGE_NAME "pixman"
| #define PACKAGE_TARNAME "pixman"
| #define PACKAGE_VERSION "0.18.4"
| #define PACKAGE_STRING "pixman 0.18.4"
| #define PACKAGE_BUGREPORT ""pixman@lists.freedesktop.org""
| #define PACKAGE_URL ""
| #define PACKAGE "pixman"
| #define VERSION "0.18.4"
| #define STDC_HEADERS 1
| #define HAVE_SYS_TYPES_H 1
| #define HAVE_SYS_STAT_H 1
| #define HAVE_STDLIB_H 1
| #define HAVE_STRING_H 1
| #define HAVE_MEMORY_H 1
| #define HAVE_STRINGS_H 1
| #define HAVE_INTTYPES_H 1
| #define HAVE_STDINT_H 1
| #define HAVE_UNISTD_H 1
| #define HAVE_DLFCN_H 1
| #define LT_OBJDIR ".libs/"
| /* end confdefs.h.  */
| #include <sys/types.h>
| 		#include <sys/param.h>
| 
| int
| main ()
| {
| #if BYTE_ORDER != BIG_ENDIAN
| 		 not big endian
| 		#endif
| 
|   ;
|   return 0;
| }
configure:11885: result: no
configure:11903: checking for inline
configure:11919: gcc -c -O2 -D_FORTIFY_SOURCE=2 -g  -fPIC  conftest.c >&5
configure:11919: $? = 0
configure:11927: result: inline
configure:11950: checking size of long
configure:11955: gcc -o conftest -O2 -D_FORTIFY_SOURCE=2 -g  -fPIC   conftest.c  >&5
configure:11955: $? = 0
configure:11955: ./conftest
configure:11955: $? = 0
configure:11969: result: 4
configure:11981: checking whether __SUNPRO_C is declared
configure:11981: gcc -c -O2 -D_FORTIFY_SOURCE=2 -g  -fPIC  conftest.c >&5
conftest.c: In function 'main':
conftest.c:64:10: error: '__SUNPRO_C' undeclared (first use in this function)
conftest.c:64:10: note: each undeclared identifier is reported only once for each function it appears in
configure:11981: $? = 1
configure: failed program was:
| /* confdefs.h */
| #define PACKAGE_NAME "pixman"
| #define PACKAGE_TARNAME "pixman"
| #define PACKAGE_VERSION "0.18.4"
| #define PACKAGE_STRING "pixman 0.18.4"
| #define PACKAGE_BUGREPORT ""pixman@lists.freedesktop.org""
| #define PACKAGE_URL ""
| #define PACKAGE "pixman"
| #define VERSION "0.18.4"
| #define STDC_HEADERS 1
| #define HAVE_SYS_TYPES_H 1
| #define HAVE_SYS_STAT_H 1
| #define HAVE_STDLIB_H 1
| #define HAVE_STRING_H 1
| #define HAVE_MEMORY_H 1
| #define HAVE_STRINGS_H 1
| #define HAVE_INTTYPES_H 1
| #define HAVE_STDINT_H 1
| #define HAVE_UNISTD_H 1
| #define HAVE_DLFCN_H 1
| #define LT_OBJDIR ".libs/"
| #define SIZEOF_LONG 4
| /* end confdefs.h.  */
| #include <stdio.h>
| #ifdef HAVE_SYS_TYPES_H
| # include <sys/types.h>
| #endif
| #ifdef HAVE_SYS_STAT_H
| # include <sys/stat.h>
| #endif
| #ifdef STDC_HEADERS
| # include <stdlib.h>
| # include <stddef.h>
| #else
| # ifdef HAVE_STDLIB_H
| #  include <stdlib.h>
| # endif
| #endif
| #ifdef HAVE_STRING_H
| # if !defined STDC_HEADERS && defined HAVE_MEMORY_H
| #  include <memory.h>
| # endif
| # include <string.h>
| #endif
| #ifdef HAVE_STRINGS_H
| # include <strings.h>
| #endif
| #ifdef HAVE_INTTYPES_H
| # include <inttypes.h>
| #endif
| #ifdef HAVE_STDINT_H
| # include <stdint.h>
| #endif
| #ifdef HAVE_UNISTD_H
| # include <unistd.h>
| #endif
| int
| main ()
| {
| #ifndef __SUNPRO_C
| #ifdef __cplusplus
|   (void) __SUNPRO_C;
| #else
|   (void) __SUNPRO_C;
| #endif
| #endif
| 
|   ;
|   return 0;
| }
configure:11981: result: no
configure:11988: checking whether __amd64 is declared
configure:11988: gcc -c -O2 -D_FORTIFY_SOURCE=2 -g  -fPIC  conftest.c >&5
conftest.c: In function 'main':
conftest.c:64:10: error: '__amd64' undeclared (first use in this function)
conftest.c:64:10: note: each undeclared identifier is reported only once for each function it appears in
configure:11988: $? = 1
configure: failed program was:
| /* confdefs.h */
| #define PACKAGE_NAME "pixman"
| #define PACKAGE_TARNAME "pixman"
| #define PACKAGE_VERSION "0.18.4"
| #define PACKAGE_STRING "pixman 0.18.4"
| #define PACKAGE_BUGREPORT ""pixman@lists.freedesktop.org""
| #define PACKAGE_URL ""
| #define PACKAGE "pixman"
| #define VERSION "0.18.4"
| #define STDC_HEADERS 1
| #define HAVE_SYS_TYPES_H 1
| #define HAVE_SYS_STAT_H 1
| #define HAVE_STDLIB_H 1
| #define HAVE_STRING_H 1
| #define HAVE_MEMORY_H 1
| #define HAVE_STRINGS_H 1
| #define HAVE_INTTYPES_H 1
| #define HAVE_STDINT_H 1
| #define HAVE_UNISTD_H 1
| #define HAVE_DLFCN_H 1
| #define LT_OBJDIR ".libs/"
| #define SIZEOF_LONG 4
| /* end confdefs.h.  */
| #include <stdio.h>
| #ifdef HAVE_SYS_TYPES_H
| # include <sys/types.h>
| #endif
| #ifdef HAVE_SYS_STAT_H
| # include <sys/stat.h>
| #endif
| #ifdef STDC_HEADERS
| # include <stdlib.h>
| # include <stddef.h>
| #else
| # ifdef HAVE_STDLIB_H
| #  include <stdlib.h>
| # endif
| #endif
| #ifdef HAVE_STRING_H
| # if !defined STDC_HEADERS && defined HAVE_MEMORY_H
| #  include <memory.h>
| # endif
| # include <string.h>
| #endif
| #ifdef HAVE_STRINGS_H
| # include <strings.h>
| #endif
| #ifdef HAVE_INTTYPES_H
| # include <inttypes.h>
| #endif
| #ifdef HAVE_STDINT_H
| # include <stdint.h>
| #endif
| #ifdef HAVE_UNISTD_H
| # include <unistd.h>
| #endif
| int
| main ()
| {
| #ifndef __amd64
| #ifdef __cplusplus
|   (void) __amd64;
| #else
|   (void) __amd64;
| #endif
| #endif
| 
|   ;
|   return 0;
| }
configure:11988: result: no
configure:12045: checking for perl
configure:12063: found /usr/bin/perl
configure:12076: result: /usr/bin/perl
configure:12091: checking for -fvisibility
configure:12103: gcc -c -O2 -D_FORTIFY_SOURCE=2 -g  -fPIC -Wall -fno-strict-aliasing  conftest.c >&5
configure:12103: $? = 0
configure:12111: result: yes
configure:12115: checking for -xldscope (Sun compilers)
configure:12127: gcc -c -O2 -D_FORTIFY_SOURCE=2 -g  -fPIC -Wall -fno-strict-aliasing -fvisibility=hidden  conftest.c >&5
conftest.c:27:1: error: unknown type name 'error'
conftest.c:27:12: error: expected '=', ',', ';', 'asm' or '__attribute__' before 'Sun'
conftest.c:27:12: error: unknown type name 'Sun'
configure:12127: $? = 1
configure: failed program was:
| /* confdefs.h */
| #define PACKAGE_NAME "pixman"
| #define PACKAGE_TARNAME "pixman"
| #define PACKAGE_VERSION "0.18.4"
| #define PACKAGE_STRING "pixman 0.18.4"
| #define PACKAGE_BUGREPORT ""pixman@lists.freedesktop.org""
| #define PACKAGE_URL ""
| #define PACKAGE "pixman"
| #define VERSION "0.18.4"
| #define STDC_HEADERS 1
| #define HAVE_SYS_TYPES_H 1
| #define HAVE_SYS_STAT_H 1
| #define HAVE_STDLIB_H 1
| #define HAVE_STRING_H 1
| #define HAVE_MEMORY_H 1
| #define HAVE_STRINGS_H 1
| #define HAVE_INTTYPES_H 1
| #define HAVE_STDINT_H 1
| #define HAVE_UNISTD_H 1
| #define HAVE_DLFCN_H 1
| #define LT_OBJDIR ".libs/"
| #define SIZEOF_LONG 4
| /* end confdefs.h.  */
| 
| #if defined(__SUNPRO_C) && (__SUNPRO_C >= 0x550)
| #else
| error Need Sun Studio 8 for visibility
| #endif
| int main () { return 0; }
| 
configure:12135: result: no
configure:12153: checking whether to use MMX intrinsics
configure:12169: gcc -c -mmmx -Winline -O2 -D_FORTIFY_SOURCE=2 -g  -fPIC -Wall -fno-strict-aliasing -fvisibility=hidden  conftest.c >&5
configure:12169: $? = 0
configure:12195: result: yes
configure:12223: checking whether to use SSE2 intrinsics
configure:12245: gcc -c -mmmx -msse2 -Winline -O2 -D_FORTIFY_SOURCE=2 -g  -fPIC -Wall -fno-strict-aliasing -fvisibility=hidden  conftest.c >&5
conftest.c: In function 'main':
conftest.c:35:61: warning: variable 'c' set but not used [-Wunused-but-set-variable]
configure:12245: $? = 0
configure:12269: result: yes
configure:12333: checking whether to use VMX/Altivec intrinsics
configure:12350: gcc -c -maltivec -mabi=altivec -O2 -D_FORTIFY_SOURCE=2 -g  -fPIC -Wall -fno-strict-aliasing -fvisibility=hidden  conftest.c >&5
gcc: error: unrecognized command line option '-maltivec'
gcc: error: unrecognized argument in option '-mabi=altivec'
gcc: note: valid arguments to '-mabi=' are: ms sysv
configure:12350: $? = 1
configure: failed program was:
| /* confdefs.h */
| #define PACKAGE_NAME "pixman"
| #define PACKAGE_TARNAME "pixman"
| #define PACKAGE_VERSION "0.18.4"
| #define PACKAGE_STRING "pixman 0.18.4"
| #define PACKAGE_BUGREPORT ""pixman@lists.freedesktop.org""
| #define PACKAGE_URL ""
| #define PACKAGE "pixman"
| #define VERSION "0.18.4"
| #define STDC_HEADERS 1
| #define HAVE_SYS_TYPES_H 1
| #define HAVE_SYS_STAT_H 1
| #define HAVE_STDLIB_H 1
| #define HAVE_STRING_H 1
| #define HAVE_MEMORY_H 1
| #define HAVE_STRINGS_H 1
| #define HAVE_INTTYPES_H 1
| #define HAVE_STDINT_H 1
| #define HAVE_UNISTD_H 1
| #define HAVE_DLFCN_H 1
| #define LT_OBJDIR ".libs/"
| #define SIZEOF_LONG 4
| #define USE_MMX 1
| #define USE_SSE2 1
| /* end confdefs.h.  */
| 
| #if defined(__GNUC__) && (__GNUC__ < 3 || (__GNUC__ == 3 && __GNUC_MINOR__ < 4))
| error "Need GCC >= 3.4 for sane altivec support"
| #endif
| #include <altivec.h>
| int main () {
|     vector unsigned int v = vec_splat_u32 (1);
|     v = vec_sub (v, v);
|     return 0;
| }
configure:12376: result: no
configure:12394: checking whether to use ARM SIMD assembler
configure:12412: gcc -c -x assembler-with-cpp -O2 -D_FORTIFY_SOURCE=2 -g  -fPIC -Wall -fno-strict-aliasing -fvisibility=hidden  conftest.c >&5
conftest.c:33:2: error: #error EABI is required (to be sure that calling conventions are compatible)
configure:12412: $? = 1
configure: failed program was:
| /* confdefs.h */
| #define PACKAGE_NAME "pixman"
| #define PACKAGE_TARNAME "pixman"
| #define PACKAGE_VERSION "0.18.4"
| #define PACKAGE_STRING "pixman 0.18.4"
| #define PACKAGE_BUGREPORT ""pixman@lists.freedesktop.org""
| #define PACKAGE_URL ""
| #define PACKAGE "pixman"
| #define VERSION "0.18.4"
| #define STDC_HEADERS 1
| #define HAVE_SYS_TYPES_H 1
| #define HAVE_SYS_STAT_H 1
| #define HAVE_STDLIB_H 1
| #define HAVE_STRING_H 1
| #define HAVE_MEMORY_H 1
| #define HAVE_STRINGS_H 1
| #define HAVE_INTTYPES_H 1
| #define HAVE_STDINT_H 1
| #define HAVE_UNISTD_H 1
| #define HAVE_DLFCN_H 1
| #define LT_OBJDIR ".libs/"
| #define SIZEOF_LONG 4
| #define USE_MMX 1
| #define USE_SSE2 1
| /* end confdefs.h.  */
| 
| .text
| .arch armv6
| .object_arch armv4
| .arm
| .altmacro
| #ifndef __ARM_EABI__
| #error EABI is required (to be sure that calling conventions are compatible)
| #endif
| pld [r0]
| uqadd8 r0, r0, r0
configure:12445: result: no
configure:12452: checking whether to use ARM NEON assembler
configure:12472: gcc -c -x assembler-with-cpp -O2 -D_FORTIFY_SOURCE=2 -g  -fPIC -Wall -fno-strict-aliasing -fvisibility=hidden  conftest.c >&5
conftest.c:35:2: error: #error EABI is required (to be sure that calling conventions are compatible)
configure:12472: $? = 1
configure: failed program was:
| /* confdefs.h */
| #define PACKAGE_NAME "pixman"
| #define PACKAGE_TARNAME "pixman"
| #define PACKAGE_VERSION "0.18.4"
| #define PACKAGE_STRING "pixman 0.18.4"
| #define PACKAGE_BUGREPORT ""pixman@lists.freedesktop.org""
| #define PACKAGE_URL ""
| #define PACKAGE "pixman"
| #define VERSION "0.18.4"
| #define STDC_HEADERS 1
| #define HAVE_SYS_TYPES_H 1
| #define HAVE_SYS_STAT_H 1
| #define HAVE_STDLIB_H 1
| #define HAVE_STRING_H 1
| #define HAVE_MEMORY_H 1
| #define HAVE_STRINGS_H 1
| #define HAVE_INTTYPES_H 1
| #define HAVE_STDINT_H 1
| #define HAVE_UNISTD_H 1
| #define HAVE_DLFCN_H 1
| #define LT_OBJDIR ".libs/"
| #define SIZEOF_LONG 4
| #define USE_MMX 1
| #define USE_SSE2 1
| /* end confdefs.h.  */
| 
| .text
| .fpu neon
| .arch armv7a
| .object_arch armv4
| .eabi_attribute 10, 0
| .arm
| .altmacro
| #ifndef __ARM_EABI__
| #error EABI is required (to be sure that calling conventions are compatible)
| #endif
| pld [r0]
| vmovn.u16 d0, q0
configure:12505: result: no
configure:12513: checking whether to use GNU-style inline assembler
configure:12524: gcc -c -O2 -D_FORTIFY_SOURCE=2 -g  -fPIC -Wall -fno-strict-aliasing -fvisibility=hidden  conftest.c >&5
configure:12524: $? = 0
configure:12547: result: yes
configure:12641: checking for pkg-config
configure:12659: found /usr/bin/pkg-config
configure:12671: result: /usr/bin/pkg-config
configure:12696: checking pkg-config is at least version 0.9.0
configure:12699: result: yes
configure:12828: checking for posix_memalign
configure:12828: gcc -o conftest -O2 -D_FORTIFY_SOURCE=2 -g  -fPIC -Wall -fno-strict-aliasing -fvisibility=hidden   conftest.c  >&5
configure:12828: $? = 0
configure:12828: result: yes
configure:12844: checking for __thread
configure:12856: gcc -c -O2 -D_FORTIFY_SOURCE=2 -g  -fPIC -Wall -fno-strict-aliasing -fvisibility=hidden  conftest.c >&5
configure:12856: $? = 0
configure:12867: result: yes
configure:13109: creating ./config.status

## ---------------------- ##
## Running config.status. ##
## ---------------------- ##

This file was extended by pixman config.status 0.18.4, which was
generated by GNU Autoconf 2.69.  Invocation command line was

  CONFIG_FILES    = 
  CONFIG_HEADERS  = 
  CONFIG_LINKS    = 
  CONFIG_COMMANDS = 
  $ ./config.status 

on lu-System-Product-Name

config.status:1131: creating pixman-1.pc
config.status:1131: creating pixman-1-uninstalled.pc
config.status:1131: creating Makefile
config.status:1131: creating pixman/Makefile
config.status:1131: creating pixman/pixman-version.h
config.status:1131: creating test/Makefile
config.status:1131: creating config.h
config.status:1360: executing depfiles commands
config.status:1360: executing libtool commands

## ---------------- ##
## Cache variables. ##
## ---------------- ##

ac_cv_build=i686-pc-linux-gnu
ac_cv_c_bigendian=no
ac_cv_c_compiler_gnu=yes
ac_cv_c_inline=inline
ac_cv_env_CCASFLAGS_set=
ac_cv_env_CCASFLAGS_value=
ac_cv_env_CCAS_set=
ac_cv_env_CCAS_value=
ac_cv_env_CC_set=
ac_cv_env_CC_value=
ac_cv_env_CFLAGS_set=set
ac_cv_env_CFLAGS_value='-O2 -D_FORTIFY_SOURCE=2 -g  -fPIC'
ac_cv_env_CPPFLAGS_set=
ac_cv_env_CPPFLAGS_value=
ac_cv_env_CPP_set=
ac_cv_env_CPP_value=
ac_cv_env_GTK_CFLAGS_set=
ac_cv_env_GTK_CFLAGS_value=
ac_cv_env_GTK_LIBS_set=
ac_cv_env_GTK_LIBS_value=
ac_cv_env_LDFLAGS_set=
ac_cv_env_LDFLAGS_value=
ac_cv_env_LIBS_set=
ac_cv_env_LIBS_value=
ac_cv_env_PKG_CONFIG_LIBDIR_set=
ac_cv_env_PKG_CONFIG_LIBDIR_value=
ac_cv_env_PKG_CONFIG_PATH_set=
ac_cv_env_PKG_CONFIG_PATH_value=
ac_cv_env_PKG_CONFIG_set=
ac_cv_env_PKG_CONFIG_value=
ac_cv_env_build_alias_set=
ac_cv_env_build_alias_value=
ac_cv_env_host_alias_set=
ac_cv_env_host_alias_value=
ac_cv_env_target_alias_set=
ac_cv_env_target_alias_value=
ac_cv_func_getisax=no
ac_cv_func_posix_memalign=yes
ac_cv_have_decl___SUNPRO_C=no
ac_cv_have_decl___amd64=no
ac_cv_header_dlfcn_h=yes
ac_cv_header_inttypes_h=yes
ac_cv_header_memory_h=yes
ac_cv_header_stdc=yes
ac_cv_header_stdint_h=yes
ac_cv_header_stdlib_h=yes
ac_cv_header_string_h=yes
ac_cv_header_strings_h=yes
ac_cv_header_sys_stat_h=yes
ac_cv_header_sys_types_h=yes
ac_cv_header_unistd_h=yes
ac_cv_host=i686-pc-linux-gnu
ac_cv_objext=o
ac_cv_path_EGREP='/bin/grep -E'
ac_cv_path_FGREP='/bin/grep -F'
ac_cv_path_GREP=/bin/grep
ac_cv_path_PERL=/usr/bin/perl
ac_cv_path_SED=/bin/sed
ac_cv_path_ac_pt_PKG_CONFIG=/usr/bin/pkg-config
ac_cv_path_install='/usr/bin/install -c'
ac_cv_path_mkdir=/bin/mkdir
ac_cv_prog_AWK=mawk
ac_cv_prog_CPP='gcc -E'
ac_cv_prog_ac_ct_AR=ar
ac_cv_prog_ac_ct_CC=gcc
ac_cv_prog_ac_ct_MANIFEST_TOOL=mt
ac_cv_prog_ac_ct_OBJDUMP=objdump
ac_cv_prog_ac_ct_RANLIB=ranlib
ac_cv_prog_ac_ct_STRIP=strip
ac_cv_prog_cc_c89=
ac_cv_prog_cc_g=yes
ac_cv_prog_make_make_set=yes
ac_cv_sizeof_long=4
am_cv_CCAS_dependencies_compiler_type=gcc3
am_cv_CC_dependencies_compiler_type=gcc3
am_cv_make_support_nested_variables=yes
lt_cv_ar_at_file=@
lt_cv_deplibs_check_method=pass_all
lt_cv_file_magic_cmd='$MAGIC_CMD'
lt_cv_file_magic_test_file=
lt_cv_ld_reload_flag=-r
lt_cv_nm_interface='BSD nm'
lt_cv_objdir=.libs
lt_cv_path_LD=/usr/bin/ld
lt_cv_path_NM='/usr/bin/nm -B'
lt_cv_path_mainfest_tool=no
lt_cv_prog_compiler_c_o=yes
lt_cv_prog_compiler_pic='-fPIC -DPIC'
lt_cv_prog_compiler_pic_works=yes
lt_cv_prog_compiler_rtti_exceptions=no
lt_cv_prog_compiler_static_works=yes
lt_cv_prog_gnu_ld=yes
lt_cv_sharedlib_from_linklib_cmd='printf %s\n'
lt_cv_shlibpath_overrides_runpath=no
lt_cv_sys_global_symbol_pipe='sed -n -e '\''s/^.*[	 ]\([ABCDGIRSTW][ABCDGIRSTW]*\)[	 ][	 ]*\([_A-Za-z][_A-Za-z0-9]*\)$/\1 \2 \2/p'\'' | sed '\''/ __gnu_lto/d'\'''
lt_cv_sys_global_symbol_to_c_name_address='sed -n -e '\''s/^: \([^ ]*\)[ ]*$/  {\"\1\", (void *) 0},/p'\'' -e '\''s/^[ABCDGIRSTW]* \([^ ]*\) \([^ ]*\)$/  {"\2", (void *) \&\2},/p'\'''
lt_cv_sys_global_symbol_to_c_name_address_lib_prefix='sed -n -e '\''s/^: \([^ ]*\)[ ]*$/  {\"\1\", (void *) 0},/p'\'' -e '\''s/^[ABCDGIRSTW]* \([^ ]*\) \(lib[^ ]*\)$/  {"\2", (void *) \&\2},/p'\'' -e '\''s/^[ABCDGIRSTW]* \([^ ]*\) \([^ ]*\)$/  {"lib\2", (void *) \&\2},/p'\'''
lt_cv_sys_global_symbol_to_cdecl='sed -n -e '\''s/^T .* \(.*\)$/extern int \1();/p'\'' -e '\''s/^[ABCDGIRSTW]* .* \(.*\)$/extern char \1;/p'\'''
lt_cv_sys_max_cmd_len=805306365
lt_cv_to_host_file_cmd=func_convert_file_noop
lt_cv_to_tool_file_cmd=func_convert_file_noop

## ----------------- ##
## Output variables. ##
## ----------------- ##

ACLOCAL='${SHELL} /home/lu/qemu/Linaro_new/qemu-1.3.1/pixman/missing --run aclocal-1.11'
AMDEPBACKSLASH='\'
AMDEP_FALSE='#'
AMDEP_TRUE=''
AMTAR='$${TAR-tar}'
AM_BACKSLASH='\'
AM_DEFAULT_V='$(AM_DEFAULT_VERBOSITY)'
AM_DEFAULT_VERBOSITY='0'
AM_V='$(V)'
AR='ar'
AUTOCONF='${SHELL} /home/lu/qemu/Linaro_new/qemu-1.3.1/pixman/missing --run autoconf'
AUTOHEADER='${SHELL} /home/lu/qemu/Linaro_new/qemu-1.3.1/pixman/missing --run autoheader'
AUTOMAKE='${SHELL} /home/lu/qemu/Linaro_new/qemu-1.3.1/pixman/missing --run automake-1.11'
AWK='mawk'
CC='gcc'
CCAS='gcc'
CCASDEPMODE='depmode=gcc3'
CCASFLAGS='-O2 -D_FORTIFY_SOURCE=2 -g  -fPIC'
CCDEPMODE='depmode=gcc3'
CFLAGS='-O2 -D_FORTIFY_SOURCE=2 -g  -fPIC -Wall -fno-strict-aliasing -fvisibility=hidden'
CPP='gcc -E'
CPPFLAGS=''
CYGPATH_W='echo'
DEFS='-DHAVE_CONFIG_H'
DEPDIR='.deps'
DEP_CFLAGS=''
DEP_LIBS=''
DLLTOOL='false'
DSYMUTIL=''
DUMPBIN=''
ECHO_C=''
ECHO_N='-n'
ECHO_T=''
EGREP='/bin/grep -E'
EXEEXT=''
FGREP='/bin/grep -F'
GREP='/bin/grep'
GTK_CFLAGS=''
GTK_LIBS=''
HAVE_GTK_FALSE=''
HAVE_GTK_TRUE='#'
HAVE_PTHREAD_SETSPECIFIC=''
INSTALL_DATA='${INSTALL} -m 644'
INSTALL_PROGRAM='${INSTALL}'
INSTALL_SCRIPT='${INSTALL}'
INSTALL_STRIP_PROGRAM='$(install_sh) -c -s'
LD='/usr/bin/ld'
LDFLAGS=''
LIBOBJS=''
LIBS=''
LIBTOOL='$(SHELL) $(top_builddir)/libtool'
LIPO=''
LN_S='ln -s'
LTLIBOBJS=''
LT_VERSION_INFO='18:4:18'
MAKEINFO='${SHELL} /home/lu/qemu/Linaro_new/qemu-1.3.1/pixman/missing --run makeinfo'
MANIFEST_TOOL=':'
MKDIR_P='/bin/mkdir -p'
MMX_CFLAGS='-mmmx -Winline'
MMX_LDFLAGS=''
NM='/usr/bin/nm -B'
NMEDIT=''
OBJDUMP='objdump'
OBJEXT='o'
OTOOL64=''
OTOOL=''
PACKAGE='pixman'
PACKAGE_BUGREPORT='"pixman@lists.freedesktop.org"'
PACKAGE_NAME='pixman'
PACKAGE_STRING='pixman 0.18.4'
PACKAGE_TARNAME='pixman'
PACKAGE_URL=''
PACKAGE_VERSION='0.18.4'
PATH_SEPARATOR=':'
PERL='/usr/bin/perl'
PIXMAN_TIMERS=''
PIXMAN_VERSION_MAJOR='0'
PIXMAN_VERSION_MICRO='4'
PIXMAN_VERSION_MINOR='18'
PKG_CONFIG='/usr/bin/pkg-config'
PKG_CONFIG_LIBDIR=''
PKG_CONFIG_PATH=''
PTHREAD_LDFLAGS=''
RANLIB='ranlib'
SED='/bin/sed'
SET_MAKE=''
SHELL='/bin/bash'
SSE2_CFLAGS='-mmmx -msse2 -Winline'
SSE2_LDFLAGS=''
STRIP='strip'
TOOLCHAIN_SUPPORTS__THREAD=''
USE_ARM_NEON_FALSE=''
USE_ARM_NEON_TRUE='#'
USE_ARM_SIMD_FALSE=''
USE_ARM_SIMD_TRUE='#'
USE_GCC_INLINE_ASM_FALSE='#'
USE_GCC_INLINE_ASM_TRUE=''
USE_MMX_FALSE='#'
USE_MMX_TRUE=''
USE_SSE2_FALSE='#'
USE_SSE2_TRUE=''
USE_VMX_FALSE=''
USE_VMX_TRUE='#'
VERSION='0.18.4'
VMX_CFLAGS=''
ac_ct_AR='ar'
ac_ct_CC='gcc'
ac_ct_DUMPBIN=''
am__EXEEXT_FALSE=''
am__EXEEXT_TRUE='#'
am__fastdepCCAS_FALSE='#'
am__fastdepCCAS_TRUE=''
am__fastdepCC_FALSE='#'
am__fastdepCC_TRUE=''
am__include='include'
am__isrc=''
am__leading_dot='.'
am__nodep='_no'
am__quote=''
am__tar='$${TAR-tar} chof - "$$tardir"'
am__untar='$${TAR-tar} xf -'
bindir='${exec_prefix}/bin'
build='i686-pc-linux-gnu'
build_alias=''
build_cpu='i686'
build_os='linux-gnu'
build_vendor='pc'
datadir='${datarootdir}'
datarootdir='${prefix}/share'
docdir='${datarootdir}/doc/${PACKAGE_TARNAME}'
dvidir='${docdir}'
exec_prefix='${prefix}'
host='i686-pc-linux-gnu'
host_alias=''
host_cpu='i686'
host_os='linux-gnu'
host_vendor='pc'
htmldir='${docdir}'
includedir='${prefix}/include'
infodir='${datarootdir}/info'
install_sh='${SHELL} /home/lu/qemu/Linaro_new/qemu-1.3.1/pixman/install-sh'
libdir='${exec_prefix}/lib'
libexecdir='${exec_prefix}/libexec'
localedir='${datarootdir}/locale'
localstatedir='${prefix}/var'
mandir='${datarootdir}/man'
mkdir_p='/bin/mkdir -p'
oldincludedir='/usr/include'
pdfdir='${docdir}'
prefix='/usr/local'
program_transform_name='s,x,x,'
psdir='${docdir}'
sbindir='${exec_prefix}/sbin'
sharedstatedir='${prefix}/com'
sysconfdir='${prefix}/etc'
target_alias=''

## ----------- ##
## confdefs.h. ##
## ----------- ##

/* confdefs.h */
#define PACKAGE_NAME "pixman"
#define PACKAGE_TARNAME "pixman"
#define PACKAGE_VERSION "0.18.4"
#define PACKAGE_STRING "pixman 0.18.4"
#define PACKAGE_BUGREPORT ""pixman@lists.freedesktop.org""
#define PACKAGE_URL ""
#define PACKAGE "pixman"
#define VERSION "0.18.4"
#define STDC_HEADERS 1
#define HAVE_SYS_TYPES_H 1
#define HAVE_SYS_STAT_H 1
#define HAVE_STDLIB_H 1
#define HAVE_STRING_H 1
#define HAVE_MEMORY_H 1
#define HAVE_STRINGS_H 1
#define HAVE_INTTYPES_H 1
#define HAVE_STDINT_H 1
#define HAVE_UNISTD_H 1
#define HAVE_DLFCN_H 1
#define LT_OBJDIR ".libs/"
#define SIZEOF_LONG 4
#define USE_MMX 1
#define USE_SSE2 1
#define USE_GCC_INLINE_ASM 1
#define HAVE_POSIX_MEMALIGN 1
#define TOOLCHAIN_SUPPORTS__THREAD /**/

configure: exit 0
